2025-09-30 10:59:55.372 [background-preinit] INFO  org.hibernate.validator.internal.util.Version - HV000001: Hibernate Validator 8.0.1.Final
2025-09-30 10:59:55.416 [main] INFO  com.scccy.service.auth.AuthApplication - Starting AuthApplication using Java 21.0.8 with PID 54720 (/Volumes/project/github/scccy-scaffolding/service/service-auth/target/classes started by shici in /Volumes/project/github/scccy-scaffolding/service/service-auth)
2025-09-30 10:59:55.417 [main] INFO  com.scccy.service.auth.AuthApplication - The following 1 profile is active: "dev"
2025-09-30 10:59:55.432 [main] INFO  com.alibaba.cloud.nacos.configdata.NacosConfigDataLoader - [Nacos Config] Load config[dataId=service-auth.yaml, group=DEFAULT_GROUP] success
2025-09-30 10:59:55.785 [main] WARN  org.springframework.boot.web.servlet.context.AnnotationConfigServletWebServerApplicationContext - Exception encountered during context initialization - cancelling refresh attempt: java.lang.IllegalStateException: Error processing condition on org.springdoc.webmvc.ui.SwaggerConfig.springWebProvider
2025-09-30 10:59:55.791 [main] INFO  org.springframework.boot.autoconfigure.logging.ConditionEvaluationReportLogger - 

Error starting ApplicationContext. To display the condition evaluation report re-run your application with 'debug' enabled.
2025-09-30 10:59:55.800 [main] ERROR org.springframework.boot.SpringApplication - Application run failed
java.lang.IllegalStateException: Error processing condition on org.springdoc.webmvc.ui.SwaggerConfig.springWebProvider
	at org.springframework.boot.autoconfigure.condition.SpringBootCondition.matches(SpringBootCondition.java:60) ~[spring-boot-autoconfigure-3.2.5.jar:3.2.5]
	at org.springframework.context.annotation.ConditionEvaluator.shouldSkip(ConditionEvaluator.java:108) ~[spring-context-6.1.6.jar:6.1.6]
	at org.springframework.context.annotation.ConfigurationClassBeanDefinitionReader.loadBeanDefinitionsForBeanMethod(ConfigurationClassBeanDefinitionReader.java:183) ~[spring-context-6.1.6.jar:6.1.6]
	at org.springframework.context.annotation.ConfigurationClassBeanDefinitionReader.loadBeanDefinitionsForConfigurationClass(ConfigurationClassBeanDefinitionReader.java:144) ~[spring-context-6.1.6.jar:6.1.6]
	at org.springframework.context.annotation.ConfigurationClassBeanDefinitionReader.loadBeanDefinitions(ConfigurationClassBeanDefinitionReader.java:120) ~[spring-context-6.1.6.jar:6.1.6]
	at org.springframework.context.annotation.ConfigurationClassPostProcessor.processConfigBeanDefinitions(ConfigurationClassPostProcessor.java:428) ~[spring-context-6.1.6.jar:6.1.6]
	at org.springframework.context.annotation.ConfigurationClassPostProcessor.postProcessBeanDefinitionRegistry(ConfigurationClassPostProcessor.java:289) ~[spring-context-6.1.6.jar:6.1.6]
	at org.springframework.context.support.PostProcessorRegistrationDelegate.invokeBeanDefinitionRegistryPostProcessors(PostProcessorRegistrationDelegate.java:349) ~[spring-context-6.1.6.jar:6.1.6]
	at org.springframework.context.support.PostProcessorRegistrationDelegate.invokeBeanFactoryPostProcessors(PostProcessorRegistrationDelegate.java:118) ~[spring-context-6.1.6.jar:6.1.6]
	at org.springframework.context.support.AbstractApplicationContext.invokeBeanFactoryPostProcessors(AbstractApplicationContext.java:788) ~[spring-context-6.1.6.jar:6.1.6]
	at org.springframework.context.support.AbstractApplicationContext.refresh(AbstractApplicationContext.java:606) ~[spring-context-6.1.6.jar:6.1.6]
	at org.springframework.boot.web.servlet.context.ServletWebServerApplicationContext.refresh(ServletWebServerApplicationContext.java:146) ~[spring-boot-3.2.5.jar:3.2.5]
	at org.springframework.boot.SpringApplication.refresh(SpringApplication.java:754) [spring-boot-3.2.5.jar:3.2.5]
	at org.springframework.boot.SpringApplication.refreshContext(SpringApplication.java:456) [spring-boot-3.2.5.jar:3.2.5]
	at org.springframework.boot.SpringApplication.run(SpringApplication.java:334) [spring-boot-3.2.5.jar:3.2.5]
	at org.springframework.boot.SpringApplication.run(SpringApplication.java:1354) [spring-boot-3.2.5.jar:3.2.5]
	at org.springframework.boot.SpringApplication.run(SpringApplication.java:1343) [spring-boot-3.2.5.jar:3.2.5]
	at com.scccy.service.auth.AuthApplication.main(AuthApplication.java:17) [classes/:?]
Caused by: java.lang.IllegalStateException: Failed to introspect Class [org.springdoc.webmvc.ui.SwaggerConfig] from ClassLoader [jdk.internal.loader.ClassLoaders$AppClassLoader@2c854dc5]
	at org.springframework.util.ReflectionUtils.getDeclaredMethods(ReflectionUtils.java:483) ~[spring-core-6.1.6.jar:6.1.6]
	at org.springframework.util.ReflectionUtils.doWithMethods(ReflectionUtils.java:360) ~[spring-core-6.1.6.jar:6.1.6]
	at org.springframework.util.ReflectionUtils.getUniqueDeclaredMethods(ReflectionUtils.java:417) ~[spring-core-6.1.6.jar:6.1.6]
	at org.springframework.beans.factory.support.AbstractAutowireCapableBeanFactory.lambda$getTypeForFactoryMethod$1(AbstractAutowireCapableBeanFactory.java:750) ~[spring-beans-6.1.6.jar:6.1.6]
	at java.util.concurrent.ConcurrentHashMap.computeIfAbsent(ConcurrentHashMap.java:1708) ~[?:?]
	at org.springframework.beans.factory.support.AbstractAutowireCapableBeanFactory.getTypeForFactoryMethod(AbstractAutowireCapableBeanFactory.java:749) ~[spring-beans-6.1.6.jar:6.1.6]
	at org.springframework.beans.factory.support.AbstractAutowireCapableBeanFactory.determineTargetType(AbstractAutowireCapableBeanFactory.java:682) ~[spring-beans-6.1.6.jar:6.1.6]
	at org.springframework.beans.factory.support.AbstractAutowireCapableBeanFactory.predictBeanType(AbstractAutowireCapableBeanFactory.java:653) ~[spring-beans-6.1.6.jar:6.1.6]
	at org.springframework.beans.factory.support.AbstractBeanFactory.isFactoryBean(AbstractBeanFactory.java:1676) ~[spring-beans-6.1.6.jar:6.1.6]
	at org.springframework.beans.factory.support.DefaultListableBeanFactory.doGetBeanNamesForType(DefaultListableBeanFactory.java:562) ~[spring-beans-6.1.6.jar:6.1.6]
	at org.springframework.beans.factory.support.DefaultListableBeanFactory.getBeanNamesForType(DefaultListableBeanFactory.java:534) ~[spring-beans-6.1.6.jar:6.1.6]
	at org.springframework.boot.autoconfigure.condition.OnBeanCondition.collectBeanNamesForType(OnBeanCondition.java:247) ~[spring-boot-autoconfigure-3.2.5.jar:3.2.5]
	at org.springframework.boot.autoconfigure.condition.OnBeanCondition.getBeanNamesForType(OnBeanCondition.java:240) ~[spring-boot-autoconfigure-3.2.5.jar:3.2.5]
	at org.springframework.boot.autoconfigure.condition.OnBeanCondition.getBeanNamesForType(OnBeanCondition.java:230) ~[spring-boot-autoconfigure-3.2.5.jar:3.2.5]
	at org.springframework.boot.autoconfigure.condition.OnBeanCondition.getMatchingBeans(OnBeanCondition.java:183) ~[spring-boot-autoconfigure-3.2.5.jar:3.2.5]
	at org.springframework.boot.autoconfigure.condition.OnBeanCondition.getMatchOutcome(OnBeanCondition.java:158) ~[spring-boot-autoconfigure-3.2.5.jar:3.2.5]
	at org.springframework.boot.autoconfigure.condition.SpringBootCondition.matches(SpringBootCondition.java:47) ~[spring-boot-autoconfigure-3.2.5.jar:3.2.5]
	... 17 more
Caused by: java.lang.NoClassDefFoundError: org/springframework/web/servlet/resource/LiteWebJarsResourceResolver
	at java.lang.ClassLoader.defineClass1(Native Method) ~[?:?]
	at java.lang.ClassLoader.defineClass(ClassLoader.java:1027) ~[?:?]
	at java.security.SecureClassLoader.defineClass(SecureClassLoader.java:150) ~[?:?]
	at jdk.internal.loader.BuiltinClassLoader.defineClass(BuiltinClassLoader.java:862) ~[?:?]
	at jdk.internal.loader.BuiltinClassLoader.findClassOnClassPathOrNull(BuiltinClassLoader.java:760) ~[?:?]
	at jdk.internal.loader.BuiltinClassLoader.loadClassOrNull(BuiltinClassLoader.java:681) ~[?:?]
	at jdk.internal.loader.BuiltinClassLoader.loadClass(BuiltinClassLoader.java:639) ~[?:?]
	at jdk.internal.loader.ClassLoaders$AppClassLoader.loadClass(ClassLoaders.java:188) ~[?:?]
	at java.lang.ClassLoader.loadClass(ClassLoader.java:526) ~[?:?]
	at java.lang.Class.getDeclaredMethods0(Native Method) ~[?:?]
	at java.lang.Class.privateGetDeclaredMethods(Class.java:3578) ~[?:?]
	at java.lang.Class.getDeclaredMethods(Class.java:2676) ~[?:?]
	at org.springframework.util.ReflectionUtils.getDeclaredMethods(ReflectionUtils.java:465) ~[spring-core-6.1.6.jar:6.1.6]
	at org.springframework.util.ReflectionUtils.doWithMethods(ReflectionUtils.java:360) ~[spring-core-6.1.6.jar:6.1.6]
	at org.springframework.util.ReflectionUtils.getUniqueDeclaredMethods(ReflectionUtils.java:417) ~[spring-core-6.1.6.jar:6.1.6]
	at org.springframework.beans.factory.support.AbstractAutowireCapableBeanFactory.lambda$getTypeForFactoryMethod$1(AbstractAutowireCapableBeanFactory.java:750) ~[spring-beans-6.1.6.jar:6.1.6]
	at java.util.concurrent.ConcurrentHashMap.computeIfAbsent(ConcurrentHashMap.java:1708) ~[?:?]
	at org.springframework.beans.factory.support.AbstractAutowireCapableBeanFactory.getTypeForFactoryMethod(AbstractAutowireCapableBeanFactory.java:749) ~[spring-beans-6.1.6.jar:6.1.6]
	at org.springframework.beans.factory.support.AbstractAutowireCapableBeanFactory.determineTargetType(AbstractAutowireCapableBeanFactory.java:682) ~[spring-beans-6.1.6.jar:6.1.6]
	at org.springframework.beans.factory.support.AbstractAutowireCapableBeanFactory.predictBeanType(AbstractAutowireCapableBeanFactory.java:653) ~[spring-beans-6.1.6.jar:6.1.6]
	at org.springframework.beans.factory.support.AbstractBeanFactory.isFactoryBean(AbstractBeanFactory.java:1676) ~[spring-beans-6.1.6.jar:6.1.6]
	at org.springframework.beans.factory.support.DefaultListableBeanFactory.doGetBeanNamesForType(DefaultListableBeanFactory.java:562) ~[spring-beans-6.1.6.jar:6.1.6]
	at org.springframework.beans.factory.support.DefaultListableBeanFactory.getBeanNamesForType(DefaultListableBeanFactory.java:534) ~[spring-beans-6.1.6.jar:6.1.6]
	at org.springframework.boot.autoconfigure.condition.OnBeanCondition.collectBeanNamesForType(OnBeanCondition.java:247) ~[spring-boot-autoconfigure-3.2.5.jar:3.2.5]
	at org.springframework.boot.autoconfigure.condition.OnBeanCondition.getBeanNamesForType(OnBeanCondition.java:240) ~[spring-boot-autoconfigure-3.2.5.jar:3.2.5]
	at org.springframework.boot.autoconfigure.condition.OnBeanCondition.getBeanNamesForType(OnBeanCondition.java:230) ~[spring-boot-autoconfigure-3.2.5.jar:3.2.5]
	at org.springframework.boot.autoconfigure.condition.OnBeanCondition.getMatchingBeans(OnBeanCondition.java:183) ~[spring-boot-autoconfigure-3.2.5.jar:3.2.5]
	at org.springframework.boot.autoconfigure.condition.OnBeanCondition.getMatchOutcome(OnBeanCondition.java:158) ~[spring-boot-autoconfigure-3.2.5.jar:3.2.5]
	at org.springframework.boot.autoconfigure.condition.SpringBootCondition.matches(SpringBootCondition.java:47) ~[spring-boot-autoconfigure-3.2.5.jar:3.2.5]
	... 17 more
Caused by: java.lang.ClassNotFoundException: org.springframework.web.servlet.resource.LiteWebJarsResourceResolver
	at jdk.internal.loader.BuiltinClassLoader.loadClass(BuiltinClassLoader.java:641) ~[?:?]
	at jdk.internal.loader.ClassLoaders$AppClassLoader.loadClass(ClassLoaders.java:188) ~[?:?]
	at java.lang.ClassLoader.loadClass(ClassLoader.java:526) ~[?:?]
	at java.lang.ClassLoader.defineClass1(Native Method) ~[?:?]
	at java.lang.ClassLoader.defineClass(ClassLoader.java:1027) ~[?:?]
	at java.security.SecureClassLoader.defineClass(SecureClassLoader.java:150) ~[?:?]
	at jdk.internal.loader.BuiltinClassLoader.defineClass(BuiltinClassLoader.java:862) ~[?:?]
	at jdk.internal.loader.BuiltinClassLoader.findClassOnClassPathOrNull(BuiltinClassLoader.java:760) ~[?:?]
	at jdk.internal.loader.BuiltinClassLoader.loadClassOrNull(BuiltinClassLoader.java:681) ~[?:?]
	at jdk.internal.loader.BuiltinClassLoader.loadClass(BuiltinClassLoader.java:639) ~[?:?]
	at jdk.internal.loader.ClassLoaders$AppClassLoader.loadClass(ClassLoaders.java:188) ~[?:?]
	at java.lang.ClassLoader.loadClass(ClassLoader.java:526) ~[?:?]
	at java.lang.Class.getDeclaredMethods0(Native Method) ~[?:?]
	at java.lang.Class.privateGetDeclaredMethods(Class.java:3578) ~[?:?]
	at java.lang.Class.getDeclaredMethods(Class.java:2676) ~[?:?]
	at org.springframework.util.ReflectionUtils.getDeclaredMethods(ReflectionUtils.java:465) ~[spring-core-6.1.6.jar:6.1.6]
	at org.springframework.util.ReflectionUtils.doWithMethods(ReflectionUtils.java:360) ~[spring-core-6.1.6.jar:6.1.6]
	at org.springframework.util.ReflectionUtils.getUniqueDeclaredMethods(ReflectionUtils.java:417) ~[spring-core-6.1.6.jar:6.1.6]
	at org.springframework.beans.factory.support.AbstractAutowireCapableBeanFactory.lambda$getTypeForFactoryMethod$1(AbstractAutowireCapableBeanFactory.java:750) ~[spring-beans-6.1.6.jar:6.1.6]
	at java.util.concurrent.ConcurrentHashMap.computeIfAbsent(ConcurrentHashMap.java:1708) ~[?:?]
	at org.springframework.beans.factory.support.AbstractAutowireCapableBeanFactory.getTypeForFactoryMethod(AbstractAutowireCapableBeanFactory.java:749) ~[spring-beans-6.1.6.jar:6.1.6]
	at org.springframework.beans.factory.support.AbstractAutowireCapableBeanFactory.determineTargetType(AbstractAutowireCapableBeanFactory.java:682) ~[spring-beans-6.1.6.jar:6.1.6]
	at org.springframework.beans.factory.support.AbstractAutowireCapableBeanFactory.predictBeanType(AbstractAutowireCapableBeanFactory.java:653) ~[spring-beans-6.1.6.jar:6.1.6]
	at org.springframework.beans.factory.support.AbstractBeanFactory.isFactoryBean(AbstractBeanFactory.java:1676) ~[spring-beans-6.1.6.jar:6.1.6]
	at org.springframework.beans.factory.support.DefaultListableBeanFactory.doGetBeanNamesForType(DefaultListableBeanFactory.java:562) ~[spring-beans-6.1.6.jar:6.1.6]
	at org.springframework.beans.factory.support.DefaultListableBeanFactory.getBeanNamesForType(DefaultListableBeanFactory.java:534) ~[spring-beans-6.1.6.jar:6.1.6]
	at org.springframework.boot.autoconfigure.condition.OnBeanCondition.collectBeanNamesForType(OnBeanCondition.java:247) ~[spring-boot-autoconfigure-3.2.5.jar:3.2.5]
	at org.springframework.boot.autoconfigure.condition.OnBeanCondition.getBeanNamesForType(OnBeanCondition.java:240) ~[spring-boot-autoconfigure-3.2.5.jar:3.2.5]
	at org.springframework.boot.autoconfigure.condition.OnBeanCondition.getBeanNamesForType(OnBeanCondition.java:230) ~[spring-boot-autoconfigure-3.2.5.jar:3.2.5]
	at org.springframework.boot.autoconfigure.condition.OnBeanCondition.getMatchingBeans(OnBeanCondition.java:183) ~[spring-boot-autoconfigure-3.2.5.jar:3.2.5]
	at org.springframework.boot.autoconfigure.condition.OnBeanCondition.getMatchOutcome(OnBeanCondition.java:158) ~[spring-boot-autoconfigure-3.2.5.jar:3.2.5]
	at org.springframework.boot.autoconfigure.condition.SpringBootCondition.matches(SpringBootCondition.java:47) ~[spring-boot-autoconfigure-3.2.5.jar:3.2.5]
	... 17 more
2025-09-30 10:59:55.802 [Thread-2] WARN  com.alibaba.nacos.common.http.HttpClientBeanHolder - [HttpClientBeanHolder] Start destroying common HttpClient
2025-09-30 10:59:55.802 [Thread-4] WARN  com.alibaba.nacos.common.notify.NotifyCenter - [NotifyCenter] Start destroying Publisher
2025-09-30 10:59:55.802 [Thread-4] WARN  com.alibaba.nacos.common.notify.NotifyCenter - [NotifyCenter] Destruction of the end
2025-09-30 10:59:55.803 [Thread-2] WARN  com.alibaba.nacos.common.http.HttpClientBeanHolder - [HttpClientBeanHolder] Destruction of the end
2025-09-30 11:00:22.597 [background-preinit] INFO  org.hibernate.validator.internal.util.Version - HV000001: Hibernate Validator 8.0.1.Final
2025-09-30 11:00:22.637 [main] INFO  com.scccy.service.auth.AuthApplication - Starting AuthApplication using Java 21.0.8 with PID 55284 (/Volumes/project/github/scccy-scaffolding/service/service-auth/target/classes started by shici in /Volumes/project/github/scccy-scaffolding/service/service-auth)
2025-09-30 11:00:22.638 [main] INFO  com.scccy.service.auth.AuthApplication - The following 1 profile is active: "dev"
2025-09-30 11:00:22.655 [main] INFO  com.alibaba.cloud.nacos.configdata.NacosConfigDataLoader - [Nacos Config] Load config[dataId=service-auth.yaml, group=DEFAULT_GROUP] success
2025-09-30 11:00:23.149 [main] INFO  org.springframework.data.repository.config.RepositoryConfigurationDelegate - Multiple Spring Data modules found, entering strict repository configuration mode
2025-09-30 11:00:23.150 [main] INFO  org.springframework.data.repository.config.RepositoryConfigurationDelegate - Bootstrapping Spring Data Redis repositories in DEFAULT mode.
2025-09-30 11:00:23.158 [main] INFO  org.springframework.data.repository.config.RepositoryConfigurationDelegate - Finished Spring Data repository scanning in 2 ms. Found 0 Redis repository interfaces.
2025-09-30 11:00:23.208 [main] WARN  org.mybatis.spring.mapper.ClassPathMapperScanner - No MyBatis mapper was found in '[com.scccy.service.auth]' package. Please check your configuration.
2025-09-30 11:00:23.234 [main] INFO  org.springframework.cloud.context.scope.GenericScope - BeanFactory id=3b871e10-142a-313d-97d2-45f5429197d7
2025-09-30 11:00:23.491 [main] INFO  org.springframework.boot.web.embedded.tomcat.TomcatWebServer - Tomcat initialized with port 8081 (http)
2025-09-30 11:00:23.496 [main] INFO  org.apache.coyote.http11.Http11NioProtocol - Initializing ProtocolHandler ["http-nio-8081"]
2025-09-30 11:00:23.497 [main] INFO  org.apache.catalina.core.StandardService - Starting service [Tomcat]
2025-09-30 11:00:23.497 [main] INFO  org.apache.catalina.core.StandardEngine - Starting Servlet engine: [Apache Tomcat/10.1.20]
2025-09-30 11:00:23.522 [main] INFO  org.apache.catalina.core.ContainerBase.[Tomcat].[localhost].[/] - Initializing Spring embedded WebApplicationContext
2025-09-30 11:00:23.522 [main] INFO  org.springframework.boot.web.servlet.context.ServletWebServerApplicationContext - Root WebApplicationContext: initialization completed in 867 ms
2025-09-30 11:00:23.585 [main] DEBUG org.springframework.web.filter.ServerHttpObservationFilter - Filter 'webMvcObservationFilter' configured for use
2025-09-30 11:00:23.759 [main] INFO  org.apache.coyote.http11.Http11NioProtocol - Starting ProtocolHandler ["http-nio-8081"]
2025-09-30 11:00:23.763 [main] INFO  org.springframework.boot.web.embedded.tomcat.TomcatWebServer - Tomcat started on port 8081 (http) with context path ''
2025-09-30 11:00:23.792 [main] INFO  com.alibaba.nacos.plugin.auth.spi.client.ClientAuthPluginManager - [ClientAuthPluginManager] Load ClientAuthService com.alibaba.nacos.client.auth.impl.NacosClientAuthServiceImpl success.
2025-09-30 11:00:23.792 [main] INFO  com.alibaba.nacos.plugin.auth.spi.client.ClientAuthPluginManager - [ClientAuthPluginManager] Load ClientAuthService com.alibaba.nacos.client.auth.ram.RamClientAuthServiceImpl success.
2025-09-30 11:00:24.071 [main] INFO  com.alibaba.cloud.nacos.registry.NacosServiceRegistry - nacos registry, DEFAULT_GROUP service-auth 10.20.0.67:8081 register finished
2025-09-30 11:00:24.147 [main] DEBUG org.springframework.web.servlet.mvc.method.annotation.RequestMappingHandlerMapping - 3 mappings in 'requestMappingHandlerMapping'
2025-09-30 11:00:24.154 [main] WARN  org.springframework.boot.web.servlet.context.AnnotationConfigServletWebServerApplicationContext - Exception encountered during context initialization - cancelling refresh attempt: org.springframework.beans.factory.BeanCreationException: Error creating bean with name 'beanNameHandlerMapping' defined in class path resource [org/springframework/boot/autoconfigure/web/servlet/WebMvcAutoConfiguration$EnableWebMvcConfiguration.class]: Error creating bean with name '/auth': Injection of resource dependencies failed
2025-09-30 11:00:24.154 [main] INFO  com.alibaba.cloud.nacos.registry.NacosServiceRegistry - De-registering from Nacos Server now...
2025-09-30 11:00:24.187 [main] INFO  com.alibaba.cloud.nacos.registry.NacosServiceRegistry - De-registration finished.
2025-09-30 11:00:24.197 [main] INFO  org.apache.coyote.http11.Http11NioProtocol - Stopping ProtocolHandler ["http-nio-8081"]
2025-09-30 11:00:24.199 [main] INFO  org.apache.catalina.core.StandardService - Stopping service [Tomcat]
2025-09-30 11:00:24.203 [main] INFO  org.springframework.boot.autoconfigure.logging.ConditionEvaluationReportLogger - 

Error starting ApplicationContext. To display the condition evaluation report re-run your application with 'debug' enabled.
2025-09-30 11:00:24.212 [main] ERROR org.springframework.boot.diagnostics.LoggingFailureAnalysisReporter - 

***************************
APPLICATION FAILED TO START
***************************

Description:

Parameter 0 of constructor in com.scccy.service.auth.service.impl.FeishuServiceImpl required a bean of type 'com.scccy.service.base.manager.OkHttpManager' that could not be found.


Action:

Consider defining a bean of type 'com.scccy.service.base.manager.OkHttpManager' in your configuration.

2025-09-30 11:00:24.649 [Thread-4] WARN  com.alibaba.nacos.common.notify.NotifyCenter - [NotifyCenter] Start destroying Publisher
2025-09-30 11:00:24.649 [Thread-2] WARN  com.alibaba.nacos.common.http.HttpClientBeanHolder - [HttpClientBeanHolder] Start destroying common HttpClient
2025-09-30 11:00:24.649 [Thread-4] WARN  com.alibaba.nacos.common.notify.NotifyCenter - [NotifyCenter] Destruction of the end
2025-09-30 11:00:24.650 [Thread-2] WARN  com.alibaba.nacos.common.http.HttpClientBeanHolder - [HttpClientBeanHolder] Destruction of the end
2025-09-30 12:12:05.767 [background-preinit] INFO  org.hibernate.validator.internal.util.Version - HV000001: Hibernate Validator 8.0.1.Final
2025-09-30 12:12:05.813 [main] INFO  com.scccy.service.auth.AuthApplication - Starting AuthApplication using Java 21.0.8 with PID 65836 (/Volumes/project/github/scccy-scaffolding/service/service-auth/target/classes started by shici in /Volumes/project/github/scccy-scaffolding/service/service-auth)
2025-09-30 12:12:05.815 [main] INFO  com.scccy.service.auth.AuthApplication - No active profile set, falling back to 1 default profile: "default"
2025-09-30 12:12:05.830 [main] INFO  com.alibaba.cloud.nacos.configdata.NacosConfigDataLoader - [Nacos Config] Load config[dataId=service-auth.yaml, group=DEFAULT_GROUP] success
2025-09-30 12:12:06.197 [main] INFO  org.springframework.data.repository.config.RepositoryConfigurationDelegate - Multiple Spring Data modules found, entering strict repository configuration mode
2025-09-30 12:12:06.198 [main] INFO  org.springframework.data.repository.config.RepositoryConfigurationDelegate - Bootstrapping Spring Data Redis repositories in DEFAULT mode.
2025-09-30 12:12:06.206 [main] INFO  org.springframework.data.repository.config.RepositoryConfigurationDelegate - Finished Spring Data repository scanning in 2 ms. Found 0 Redis repository interfaces.
2025-09-30 12:12:06.252 [main] WARN  org.mybatis.spring.mapper.ClassPathMapperScanner - No MyBatis mapper was found in '[com.scccy.service.auth]' package. Please check your configuration.
2025-09-30 12:12:06.276 [main] INFO  org.springframework.cloud.context.scope.GenericScope - BeanFactory id=4b98ef16-2092-341e-9223-4d117f6a87cf
2025-09-30 12:12:06.522 [main] INFO  org.springframework.boot.web.embedded.tomcat.TomcatWebServer - Tomcat initialized with port 8081 (http)
2025-09-30 12:12:06.527 [main] INFO  org.apache.coyote.http11.Http11NioProtocol - Initializing ProtocolHandler ["http-nio-8081"]
2025-09-30 12:12:06.528 [main] INFO  org.apache.catalina.core.StandardService - Starting service [Tomcat]
2025-09-30 12:12:06.528 [main] INFO  org.apache.catalina.core.StandardEngine - Starting Servlet engine: [Apache Tomcat/10.1.20]
2025-09-30 12:12:06.551 [main] INFO  org.apache.catalina.core.ContainerBase.[Tomcat].[localhost].[/] - Initializing Spring embedded WebApplicationContext
2025-09-30 12:12:06.551 [main] INFO  org.springframework.boot.web.servlet.context.ServletWebServerApplicationContext - Root WebApplicationContext: initialization completed in 720 ms
2025-09-30 12:12:06.616 [main] DEBUG org.springframework.web.filter.ServerHttpObservationFilter - Filter 'webMvcObservationFilter' configured for use
2025-09-30 12:12:06.873 [main] INFO  org.apache.coyote.http11.Http11NioProtocol - Starting ProtocolHandler ["http-nio-8081"]
2025-09-30 12:12:06.877 [main] INFO  org.springframework.boot.web.embedded.tomcat.TomcatWebServer - Tomcat started on port 8081 (http) with context path ''
2025-09-30 12:12:06.906 [main] INFO  com.alibaba.nacos.plugin.auth.spi.client.ClientAuthPluginManager - [ClientAuthPluginManager] Load ClientAuthService com.alibaba.nacos.client.auth.impl.NacosClientAuthServiceImpl success.
2025-09-30 12:12:06.906 [main] INFO  com.alibaba.nacos.plugin.auth.spi.client.ClientAuthPluginManager - [ClientAuthPluginManager] Load ClientAuthService com.alibaba.nacos.client.auth.ram.RamClientAuthServiceImpl success.
2025-09-30 12:12:07.199 [main] INFO  com.alibaba.cloud.nacos.registry.NacosServiceRegistry - nacos registry, DEFAULT_GROUP service-auth 10.20.0.67:8081 register finished
2025-09-30 12:12:07.253 [main] DEBUG org.springframework.web.servlet.mvc.method.annotation.RequestMappingHandlerMapping - 7 mappings in 'requestMappingHandlerMapping'
2025-09-30 12:12:07.261 [main] WARN  org.springframework.boot.web.servlet.context.AnnotationConfigServletWebServerApplicationContext - Exception encountered during context initialization - cancelling refresh attempt: org.springframework.beans.factory.BeanCreationException: Error creating bean with name 'beanNameHandlerMapping' defined in class path resource [org/springframework/boot/autoconfigure/web/servlet/WebMvcAutoConfiguration$EnableWebMvcConfiguration.class]: Error creating bean with name '/auth': Injection of resource dependencies failed
2025-09-30 12:12:07.261 [main] INFO  com.alibaba.cloud.nacos.registry.NacosServiceRegistry - De-registering from Nacos Server now...
2025-09-30 12:12:07.296 [main] INFO  com.alibaba.cloud.nacos.registry.NacosServiceRegistry - De-registration finished.
2025-09-30 12:12:07.306 [main] INFO  org.apache.coyote.http11.Http11NioProtocol - Stopping ProtocolHandler ["http-nio-8081"]
2025-09-30 12:12:07.308 [main] INFO  org.apache.catalina.core.StandardService - Stopping service [Tomcat]
2025-09-30 12:12:07.310 [main] INFO  org.springframework.boot.autoconfigure.logging.ConditionEvaluationReportLogger - 

Error starting ApplicationContext. To display the condition evaluation report re-run your application with 'debug' enabled.
2025-09-30 12:12:07.320 [main] ERROR org.springframework.boot.diagnostics.LoggingFailureAnalysisReporter - 

***************************
APPLICATION FAILED TO START
***************************

Description:

Parameter 0 of constructor in com.scccy.service.auth.service.impl.FeishuServiceImpl required a bean of type 'com.scccy.service.base.manager.OkHttpManager' that could not be found.


Action:

Consider defining a bean of type 'com.scccy.service.base.manager.OkHttpManager' in your configuration.

2025-09-30 12:12:07.771 [Thread-2] WARN  com.alibaba.nacos.common.http.HttpClientBeanHolder - [HttpClientBeanHolder] Start destroying common HttpClient
2025-09-30 12:12:07.771 [Thread-4] WARN  com.alibaba.nacos.common.notify.NotifyCenter - [NotifyCenter] Start destroying Publisher
2025-09-30 12:12:07.771 [Thread-4] WARN  com.alibaba.nacos.common.notify.NotifyCenter - [NotifyCenter] Destruction of the end
2025-09-30 12:12:07.771 [Thread-2] WARN  com.alibaba.nacos.common.http.HttpClientBeanHolder - [HttpClientBeanHolder] Destruction of the end
2025-09-30 12:17:32.673 [background-preinit] INFO  org.hibernate.validator.internal.util.Version - HV000001: Hibernate Validator 8.0.1.Final
2025-09-30 12:17:32.717 [main] INFO  com.scccy.service.auth.AuthApplication - Starting AuthApplication using Java 21.0.8 with PID 66539 (/Volumes/project/github/scccy-scaffolding/service/service-auth/target/classes started by shici in /Volumes/project/github/scccy-scaffolding/service/service-auth)
2025-09-30 12:17:32.718 [main] INFO  com.scccy.service.auth.AuthApplication - No active profile set, falling back to 1 default profile: "default"
2025-09-30 12:17:32.733 [main] INFO  com.alibaba.cloud.nacos.configdata.NacosConfigDataLoader - [Nacos Config] Load config[dataId=service-auth.yaml, group=DEFAULT_GROUP] success
2025-09-30 12:17:33.119 [main] INFO  org.springframework.data.repository.config.RepositoryConfigurationDelegate - Multiple Spring Data modules found, entering strict repository configuration mode
2025-09-30 12:17:33.120 [main] INFO  org.springframework.data.repository.config.RepositoryConfigurationDelegate - Bootstrapping Spring Data Redis repositories in DEFAULT mode.
2025-09-30 12:17:33.128 [main] INFO  org.springframework.data.repository.config.RepositoryConfigurationDelegate - Finished Spring Data repository scanning in 2 ms. Found 0 Redis repository interfaces.
2025-09-30 12:17:33.175 [main] WARN  org.mybatis.spring.mapper.ClassPathMapperScanner - No MyBatis mapper was found in '[com.scccy.service.auth]' package. Please check your configuration.
2025-09-30 12:17:33.200 [main] INFO  org.springframework.cloud.context.scope.GenericScope - BeanFactory id=4b98ef16-2092-341e-9223-4d117f6a87cf
2025-09-30 12:17:33.457 [main] INFO  org.springframework.boot.web.embedded.tomcat.TomcatWebServer - Tomcat initialized with port 8081 (http)
2025-09-30 12:17:33.462 [main] INFO  org.apache.coyote.http11.Http11NioProtocol - Initializing ProtocolHandler ["http-nio-8081"]
2025-09-30 12:17:33.463 [main] INFO  org.apache.catalina.core.StandardService - Starting service [Tomcat]
2025-09-30 12:17:33.463 [main] INFO  org.apache.catalina.core.StandardEngine - Starting Servlet engine: [Apache Tomcat/10.1.20]
2025-09-30 12:17:33.487 [main] INFO  org.apache.catalina.core.ContainerBase.[Tomcat].[localhost].[/] - Initializing Spring embedded WebApplicationContext
2025-09-30 12:17:33.487 [main] INFO  org.springframework.boot.web.servlet.context.ServletWebServerApplicationContext - Root WebApplicationContext: initialization completed in 754 ms
2025-09-30 12:17:33.554 [main] DEBUG org.springframework.web.filter.ServerHttpObservationFilter - Filter 'webMvcObservationFilter' configured for use
2025-09-30 12:17:33.814 [main] INFO  org.apache.coyote.http11.Http11NioProtocol - Starting ProtocolHandler ["http-nio-8081"]
2025-09-30 12:17:33.818 [main] INFO  org.springframework.boot.web.embedded.tomcat.TomcatWebServer - Tomcat started on port 8081 (http) with context path ''
2025-09-30 12:17:33.846 [main] INFO  com.alibaba.nacos.plugin.auth.spi.client.ClientAuthPluginManager - [ClientAuthPluginManager] Load ClientAuthService com.alibaba.nacos.client.auth.impl.NacosClientAuthServiceImpl success.
2025-09-30 12:17:33.846 [main] INFO  com.alibaba.nacos.plugin.auth.spi.client.ClientAuthPluginManager - [ClientAuthPluginManager] Load ClientAuthService com.alibaba.nacos.client.auth.ram.RamClientAuthServiceImpl success.
2025-09-30 12:17:34.141 [main] INFO  com.alibaba.cloud.nacos.registry.NacosServiceRegistry - nacos registry, DEFAULT_GROUP service-auth 10.20.0.67:8081 register finished
2025-09-30 12:17:34.241 [main] DEBUG org.springframework.web.servlet.mvc.method.annotation.RequestMappingHandlerMapping - 7 mappings in 'requestMappingHandlerMapping'
2025-09-30 12:17:34.250 [main] WARN  org.springframework.boot.web.servlet.context.AnnotationConfigServletWebServerApplicationContext - Exception encountered during context initialization - cancelling refresh attempt: org.springframework.beans.factory.BeanCreationException: Error creating bean with name 'beanNameHandlerMapping' defined in class path resource [org/springframework/boot/autoconfigure/web/servlet/WebMvcAutoConfiguration$EnableWebMvcConfiguration.class]: Error creating bean with name '/auth': Injection of resource dependencies failed
2025-09-30 12:17:34.250 [main] INFO  com.alibaba.cloud.nacos.registry.NacosServiceRegistry - De-registering from Nacos Server now...
2025-09-30 12:17:34.286 [main] INFO  com.alibaba.cloud.nacos.registry.NacosServiceRegistry - De-registration finished.
2025-09-30 12:17:34.294 [main] INFO  org.apache.coyote.http11.Http11NioProtocol - Stopping ProtocolHandler ["http-nio-8081"]
2025-09-30 12:17:34.297 [main] INFO  org.apache.catalina.core.StandardService - Stopping service [Tomcat]
2025-09-30 12:17:34.299 [main] INFO  org.springframework.boot.autoconfigure.logging.ConditionEvaluationReportLogger - 

Error starting ApplicationContext. To display the condition evaluation report re-run your application with 'debug' enabled.
2025-09-30 12:17:34.310 [main] ERROR org.springframework.boot.diagnostics.LoggingFailureAnalysisReporter - 

***************************
APPLICATION FAILED TO START
***************************

Description:

Parameter 0 of constructor in com.scccy.service.auth.service.impl.FeishuServiceImpl required a bean of type 'com.scccy.service.base.manager.OkHttpManager' that could not be found.


Action:

Consider defining a bean of type 'com.scccy.service.base.manager.OkHttpManager' in your configuration.

2025-09-30 12:17:34.714 [Thread-2] WARN  com.alibaba.nacos.common.http.HttpClientBeanHolder - [HttpClientBeanHolder] Start destroying common HttpClient
2025-09-30 12:17:34.714 [Thread-4] WARN  com.alibaba.nacos.common.notify.NotifyCenter - [NotifyCenter] Start destroying Publisher
2025-09-30 12:17:34.714 [Thread-4] WARN  com.alibaba.nacos.common.notify.NotifyCenter - [NotifyCenter] Destruction of the end
2025-09-30 12:17:34.715 [Thread-2] WARN  com.alibaba.nacos.common.http.HttpClientBeanHolder - [HttpClientBeanHolder] Destruction of the end
2025-09-30 12:18:03.398 [background-preinit] INFO  org.hibernate.validator.internal.util.Version - HV000001: Hibernate Validator 8.0.1.Final
2025-09-30 12:18:03.443 [main] INFO  com.scccy.service.auth.AuthApplication - Starting AuthApplication using Java 21.0.8 with PID 66710 (/Volumes/project/github/scccy-scaffolding/service/service-auth/target/classes started by shici in /Volumes/project/github/scccy-scaffolding/service/service-auth)
2025-09-30 12:18:03.443 [main] INFO  com.scccy.service.auth.AuthApplication - No active profile set, falling back to 1 default profile: "default"
2025-09-30 12:18:03.460 [main] INFO  com.alibaba.cloud.nacos.configdata.NacosConfigDataLoader - [Nacos Config] Load config[dataId=service-auth.yaml, group=DEFAULT_GROUP] success
2025-09-30 12:18:03.839 [main] INFO  org.springframework.data.repository.config.RepositoryConfigurationDelegate - Multiple Spring Data modules found, entering strict repository configuration mode
2025-09-30 12:18:03.839 [main] INFO  org.springframework.data.repository.config.RepositoryConfigurationDelegate - Bootstrapping Spring Data Redis repositories in DEFAULT mode.
2025-09-30 12:18:03.847 [main] INFO  org.springframework.data.repository.config.RepositoryConfigurationDelegate - Finished Spring Data repository scanning in 2 ms. Found 0 Redis repository interfaces.
2025-09-30 12:18:03.887 [main] WARN  org.mybatis.spring.mapper.ClassPathMapperScanner - No MyBatis mapper was found in '[com.scccy.service.auth]' package. Please check your configuration.
2025-09-30 12:18:03.926 [main] INFO  org.springframework.cloud.context.scope.GenericScope - BeanFactory id=d16db8d3-63e2-3eee-bbcb-1ed25a9c82e0
2025-09-30 12:18:04.061 [main] WARN  org.springframework.context.support.PostProcessorRegistrationDelegate$BeanPostProcessorChecker - Bean 'dataSourceConfig' of type [com.scccy.service.base.config.DataSourceConfig$$SpringCGLIB$$0] is not eligible for getting processed by all BeanPostProcessors (for example: not eligible for auto-proxying). Is this bean getting eagerly injected into a currently created BeanPostProcessor [meterRegistryPostProcessor]? Check the corresponding BeanPostProcessor declaration and its dependencies.
2025-09-30 12:18:04.063 [main] WARN  org.springframework.context.support.PostProcessorRegistrationDelegate$BeanPostProcessorChecker - Bean 'org.springframework.boot.autoconfigure.jdbc.DataSourceConfiguration$Hikari' of type [org.springframework.boot.autoconfigure.jdbc.DataSourceConfiguration$Hikari] is not eligible for getting processed by all BeanPostProcessors (for example: not eligible for auto-proxying). Is this bean getting eagerly injected into a currently created BeanPostProcessor [meterRegistryPostProcessor]? Check the corresponding BeanPostProcessor declaration and its dependencies.
2025-09-30 12:18:04.066 [main] WARN  org.springframework.context.support.PostProcessorRegistrationDelegate$BeanPostProcessorChecker - Bean 'org.springframework.cloud.commons.config.CommonsConfigAutoConfiguration' of type [org.springframework.cloud.commons.config.CommonsConfigAutoConfiguration] is not eligible for getting processed by all BeanPostProcessors (for example: not eligible for auto-proxying). Is this bean getting eagerly injected into a currently created BeanPostProcessor [meterRegistryPostProcessor]? Check the corresponding BeanPostProcessor declaration and its dependencies.
2025-09-30 12:18:04.067 [main] WARN  org.springframework.context.support.PostProcessorRegistrationDelegate$BeanPostProcessorChecker - Bean 'org.springframework.cloud.client.loadbalancer.LoadBalancerDefaultMappingsProviderAutoConfiguration' of type [org.springframework.cloud.client.loadbalancer.LoadBalancerDefaultMappingsProviderAutoConfiguration] is not eligible for getting processed by all BeanPostProcessors (for example: not eligible for auto-proxying). Is this bean getting eagerly injected into a currently created BeanPostProcessor [meterRegistryPostProcessor]? Check the corresponding BeanPostProcessor declaration and its dependencies.
2025-09-30 12:18:04.067 [main] WARN  org.springframework.context.support.PostProcessorRegistrationDelegate$BeanPostProcessorChecker - Bean 'loadBalancerClientsDefaultsMappingsProvider' of type [org.springframework.cloud.client.loadbalancer.LoadBalancerDefaultMappingsProviderAutoConfiguration$$Lambda/0x000000a8017528f0] is not eligible for getting processed by all BeanPostProcessors (for example: not eligible for auto-proxying). Is this bean getting eagerly injected into a currently created BeanPostProcessor [meterRegistryPostProcessor]? Check the corresponding BeanPostProcessor declaration and its dependencies.
2025-09-30 12:18:04.068 [main] WARN  org.springframework.context.support.PostProcessorRegistrationDelegate$BeanPostProcessorChecker - Bean 'defaultsBindHandlerAdvisor' of type [org.springframework.cloud.commons.config.DefaultsBindHandlerAdvisor] is not eligible for getting processed by all BeanPostProcessors (for example: not eligible for auto-proxying). Is this bean getting eagerly injected into a currently created BeanPostProcessor [meterRegistryPostProcessor]? Check the corresponding BeanPostProcessor declaration and its dependencies.
2025-09-30 12:18:04.072 [main] WARN  org.springframework.context.support.PostProcessorRegistrationDelegate$BeanPostProcessorChecker - Bean 'spring.datasource-org.springframework.boot.autoconfigure.jdbc.DataSourceProperties' of type [org.springframework.boot.autoconfigure.jdbc.DataSourceProperties] is not eligible for getting processed by all BeanPostProcessors (for example: not eligible for auto-proxying). Is this bean getting eagerly injected into a currently created BeanPostProcessor [meterRegistryPostProcessor]? Check the corresponding BeanPostProcessor declaration and its dependencies.
2025-09-30 12:18:04.075 [main] WARN  org.springframework.context.support.PostProcessorRegistrationDelegate$BeanPostProcessorChecker - Bean 'org.springframework.boot.autoconfigure.jdbc.DataSourceAutoConfiguration$PooledDataSourceConfiguration' of type [org.springframework.boot.autoconfigure.jdbc.DataSourceAutoConfiguration$PooledDataSourceConfiguration] is not eligible for getting processed by all BeanPostProcessors (for example: not eligible for auto-proxying). Is this bean getting eagerly injected into a currently created BeanPostProcessor [meterRegistryPostProcessor]? Check the corresponding BeanPostProcessor declaration and its dependencies.
2025-09-30 12:18:04.076 [main] WARN  org.springframework.context.support.PostProcessorRegistrationDelegate$BeanPostProcessorChecker - Bean 'jdbcConnectionDetails' of type [org.springframework.boot.autoconfigure.jdbc.PropertiesJdbcConnectionDetails] is not eligible for getting processed by all BeanPostProcessors (for example: not eligible for auto-proxying). Is this bean getting eagerly injected into a currently created BeanPostProcessor [meterRegistryPostProcessor]? Check the corresponding BeanPostProcessor declaration and its dependencies.
2025-09-30 12:18:04.082 [main] WARN  org.springframework.context.support.PostProcessorRegistrationDelegate$BeanPostProcessorChecker - Bean 'dataSource' of type [com.zaxxer.hikari.HikariDataSource] is not eligible for getting processed by all BeanPostProcessors (for example: not eligible for auto-proxying). Is this bean getting eagerly injected into a currently created BeanPostProcessor [meterRegistryPostProcessor]? Check the corresponding BeanPostProcessor declaration and its dependencies.
2025-09-30 12:18:04.088 [main] WARN  org.springframework.context.support.PostProcessorRegistrationDelegate$BeanPostProcessorChecker - Bean 'transactionManager' of type [org.springframework.jdbc.datasource.DataSourceTransactionManager] is not eligible for getting processed by all BeanPostProcessors (for example: not eligible for auto-proxying). Is this bean getting eagerly injected into a currently created BeanPostProcessor [meterRegistryPostProcessor]? Check the corresponding BeanPostProcessor declaration and its dependencies.
2025-09-30 12:18:04.090 [main] WARN  org.springframework.context.support.PostProcessorRegistrationDelegate$BeanPostProcessorChecker - Bean 'transactionConfig' of type [com.scccy.service.base.config.TransactionConfig$$SpringCGLIB$$0] is not eligible for getting processed by all BeanPostProcessors (for example: not eligible for auto-proxying). Is this bean getting eagerly injected into a currently created BeanPostProcessor [meterRegistryPostProcessor]? Check the corresponding BeanPostProcessor declaration and its dependencies.
2025-09-30 12:18:04.092 [main] WARN  org.springframework.context.support.PostProcessorRegistrationDelegate$BeanPostProcessorChecker - Bean 'txAdvice' of type [org.springframework.transaction.interceptor.TransactionInterceptor] is not eligible for getting processed by all BeanPostProcessors (for example: not eligible for auto-proxying). Is this bean getting eagerly injected into a currently created BeanPostProcessor [meterRegistryPostProcessor]? Check the corresponding BeanPostProcessor declaration and its dependencies.
2025-09-30 12:18:04.092 [main] WARN  org.springframework.context.support.PostProcessorRegistrationDelegate$BeanPostProcessorChecker - Bean 'txAdviceAdvisor' of type [org.springframework.aop.support.DefaultPointcutAdvisor] is not eligible for getting processed by all BeanPostProcessors (for example: not eligible for auto-proxying). Is this bean getting eagerly injected into a currently created BeanPostProcessor [meterRegistryPostProcessor]? Check the corresponding BeanPostProcessor declaration and its dependencies.
2025-09-30 12:18:04.269 [main] INFO  org.springframework.boot.web.embedded.tomcat.TomcatWebServer - Tomcat initialized with port 8081 (http)
2025-09-30 12:18:04.275 [main] INFO  org.apache.coyote.http11.Http11NioProtocol - Initializing ProtocolHandler ["http-nio-8081"]
2025-09-30 12:18:04.276 [main] INFO  org.apache.catalina.core.StandardService - Starting service [Tomcat]
2025-09-30 12:18:04.276 [main] INFO  org.apache.catalina.core.StandardEngine - Starting Servlet engine: [Apache Tomcat/10.1.20]
2025-09-30 12:18:04.300 [main] INFO  org.apache.catalina.core.ContainerBase.[Tomcat].[localhost].[/] - Initializing Spring embedded WebApplicationContext
2025-09-30 12:18:04.300 [main] INFO  org.springframework.boot.web.servlet.context.ServletWebServerApplicationContext - Root WebApplicationContext: initialization completed in 839 ms
2025-09-30 12:18:04.370 [main] DEBUG org.springframework.web.filter.ServerHttpObservationFilter - Filter 'webMvcObservationFilter' configured for use
2025-09-30 12:18:04.642 [main] INFO  org.apache.coyote.http11.Http11NioProtocol - Starting ProtocolHandler ["http-nio-8081"]
2025-09-30 12:18:04.646 [main] INFO  org.springframework.boot.web.embedded.tomcat.TomcatWebServer - Tomcat started on port 8081 (http) with context path ''
2025-09-30 12:18:04.679 [main] INFO  com.alibaba.nacos.plugin.auth.spi.client.ClientAuthPluginManager - [ClientAuthPluginManager] Load ClientAuthService com.alibaba.nacos.client.auth.impl.NacosClientAuthServiceImpl success.
2025-09-30 12:18:04.679 [main] INFO  com.alibaba.nacos.plugin.auth.spi.client.ClientAuthPluginManager - [ClientAuthPluginManager] Load ClientAuthService com.alibaba.nacos.client.auth.ram.RamClientAuthServiceImpl success.
2025-09-30 12:18:04.968 [main] INFO  com.alibaba.cloud.nacos.registry.NacosServiceRegistry - nacos registry, DEFAULT_GROUP service-auth 10.20.0.67:8081 register finished
2025-09-30 12:18:05.031 [main] DEBUG org.springframework.web.servlet.mvc.method.annotation.RequestMappingHandlerMapping - 7 mappings in 'requestMappingHandlerMapping'
2025-09-30 12:18:05.120 [main] DEBUG org.springframework.web.servlet.handler.BeanNameUrlHandlerMapping - Detected 1 mappings in 'beanNameHandlerMapping'
2025-09-30 12:18:05.142 [main] DEBUG org.springframework.web.servlet.handler.SimpleUrlHandlerMapping - Patterns [/webjars/**, /**, /swagger-ui*/*swagger-initializer.js, /swagger-ui*/**] in 'resourceHandlerMapping'
2025-09-30 12:18:05.178 [main] INFO  org.springframework.boot.actuate.endpoint.web.EndpointLinksResolver - Exposing 3 endpoint(s) beneath base path '/actuator'
2025-09-30 12:18:05.187 [main] INFO  com.scccy.service.auth.AuthApplication - Started AuthApplication in 2.553 seconds (process running for 2.839)
2025-09-30 12:18:05.196 [main] INFO  com.alibaba.cloud.nacos.refresh.NacosContextRefresher - [Nacos Config] Listening config: dataId=service-auth.yaml, group=DEFAULT_GROUP
2025-09-30 12:18:27.838 [Thread-2] WARN  com.alibaba.nacos.common.http.HttpClientBeanHolder - [HttpClientBeanHolder] Start destroying common HttpClient
2025-09-30 12:18:27.842 [Thread-4] WARN  com.alibaba.nacos.common.notify.NotifyCenter - [NotifyCenter] Start destroying Publisher
2025-09-30 12:18:27.844 [Thread-4] WARN  com.alibaba.nacos.common.notify.NotifyCenter - [NotifyCenter] Destruction of the end
2025-09-30 12:18:27.847 [Thread-2] WARN  com.alibaba.nacos.common.http.HttpClientBeanHolder - [HttpClientBeanHolder] Destruction of the end
2025-09-30 12:18:27.887 [SpringApplicationShutdownHook] INFO  com.alibaba.cloud.nacos.registry.NacosServiceRegistry - De-registering from Nacos Server now...
2025-09-30 12:18:27.937 [SpringApplicationShutdownHook] INFO  com.alibaba.cloud.nacos.registry.NacosServiceRegistry - De-registration finished.
2025-09-30 12:20:02.817 [background-preinit] INFO  org.hibernate.validator.internal.util.Version - HV000001: Hibernate Validator 8.0.1.Final
2025-09-30 12:20:02.869 [main] INFO  com.scccy.service.auth.AuthApplication - Starting AuthApplication using Java 21.0.8 with PID 67042 (/Volumes/project/github/scccy-scaffolding/service/service-auth/target/classes started by shici in /Volumes/project/github/scccy-scaffolding/service/service-auth)
2025-09-30 12:20:02.870 [main] INFO  com.scccy.service.auth.AuthApplication - No active profile set, falling back to 1 default profile: "default"
2025-09-30 12:20:02.884 [main] INFO  com.alibaba.cloud.nacos.configdata.NacosConfigDataLoader - [Nacos Config] Load config[dataId=service-auth.yaml, group=DEFAULT_GROUP] success
2025-09-30 12:20:03.263 [main] INFO  org.springframework.data.repository.config.RepositoryConfigurationDelegate - Multiple Spring Data modules found, entering strict repository configuration mode
2025-09-30 12:20:03.264 [main] INFO  org.springframework.data.repository.config.RepositoryConfigurationDelegate - Bootstrapping Spring Data Redis repositories in DEFAULT mode.
2025-09-30 12:20:03.271 [main] INFO  org.springframework.data.repository.config.RepositoryConfigurationDelegate - Finished Spring Data repository scanning in 2 ms. Found 0 Redis repository interfaces.
2025-09-30 12:20:03.315 [main] WARN  org.mybatis.spring.mapper.ClassPathMapperScanner - No MyBatis mapper was found in '[com.scccy.service.auth]' package. Please check your configuration.
2025-09-30 12:20:03.339 [main] INFO  org.springframework.cloud.context.scope.GenericScope - BeanFactory id=4b98ef16-2092-341e-9223-4d117f6a87cf
2025-09-30 12:20:03.585 [main] INFO  org.springframework.boot.web.embedded.tomcat.TomcatWebServer - Tomcat initialized with port 8081 (http)
2025-09-30 12:20:03.591 [main] INFO  org.apache.coyote.http11.Http11NioProtocol - Initializing ProtocolHandler ["http-nio-8081"]
2025-09-30 12:20:03.591 [main] INFO  org.apache.catalina.core.StandardService - Starting service [Tomcat]
2025-09-30 12:20:03.592 [main] INFO  org.apache.catalina.core.StandardEngine - Starting Servlet engine: [Apache Tomcat/10.1.20]
2025-09-30 12:20:03.614 [main] INFO  org.apache.catalina.core.ContainerBase.[Tomcat].[localhost].[/] - Initializing Spring embedded WebApplicationContext
2025-09-30 12:20:03.615 [main] INFO  org.springframework.boot.web.servlet.context.ServletWebServerApplicationContext - Root WebApplicationContext: initialization completed in 729 ms
2025-09-30 12:20:03.677 [main] DEBUG org.springframework.web.filter.ServerHttpObservationFilter - Filter 'webMvcObservationFilter' configured for use
2025-09-30 12:20:03.931 [main] INFO  org.apache.coyote.http11.Http11NioProtocol - Starting ProtocolHandler ["http-nio-8081"]
2025-09-30 12:20:03.935 [main] INFO  org.springframework.boot.web.embedded.tomcat.TomcatWebServer - Tomcat started on port 8081 (http) with context path ''
2025-09-30 12:20:03.962 [main] INFO  com.alibaba.nacos.plugin.auth.spi.client.ClientAuthPluginManager - [ClientAuthPluginManager] Load ClientAuthService com.alibaba.nacos.client.auth.impl.NacosClientAuthServiceImpl success.
2025-09-30 12:20:03.962 [main] INFO  com.alibaba.nacos.plugin.auth.spi.client.ClientAuthPluginManager - [ClientAuthPluginManager] Load ClientAuthService com.alibaba.nacos.client.auth.ram.RamClientAuthServiceImpl success.
2025-09-30 12:20:04.229 [main] INFO  com.alibaba.cloud.nacos.registry.NacosServiceRegistry - nacos registry, DEFAULT_GROUP service-auth 10.20.0.67:8081 register finished
2025-09-30 12:20:04.292 [main] DEBUG org.springframework.web.servlet.mvc.method.annotation.RequestMappingHandlerMapping - 7 mappings in 'requestMappingHandlerMapping'
2025-09-30 12:20:04.300 [main] WARN  org.springframework.boot.web.servlet.context.AnnotationConfigServletWebServerApplicationContext - Exception encountered during context initialization - cancelling refresh attempt: org.springframework.beans.factory.BeanCreationException: Error creating bean with name 'beanNameHandlerMapping' defined in class path resource [org/springframework/boot/autoconfigure/web/servlet/WebMvcAutoConfiguration$EnableWebMvcConfiguration.class]: Error creating bean with name '/auth': Injection of resource dependencies failed
2025-09-30 12:20:04.300 [main] INFO  com.alibaba.cloud.nacos.registry.NacosServiceRegistry - De-registering from Nacos Server now...
2025-09-30 12:20:04.334 [main] INFO  com.alibaba.cloud.nacos.registry.NacosServiceRegistry - De-registration finished.
2025-09-30 12:20:04.343 [main] INFO  org.apache.coyote.http11.Http11NioProtocol - Stopping ProtocolHandler ["http-nio-8081"]
2025-09-30 12:20:04.345 [main] INFO  org.apache.catalina.core.StandardService - Stopping service [Tomcat]
2025-09-30 12:20:04.348 [main] INFO  org.springframework.boot.autoconfigure.logging.ConditionEvaluationReportLogger - 

Error starting ApplicationContext. To display the condition evaluation report re-run your application with 'debug' enabled.
2025-09-30 12:20:04.358 [main] ERROR org.springframework.boot.diagnostics.LoggingFailureAnalysisReporter - 

***************************
APPLICATION FAILED TO START
***************************

Description:

Parameter 0 of constructor in com.scccy.service.auth.service.impl.FeishuServiceImpl required a bean of type 'com.scccy.service.base.manager.OkHttpManager' that could not be found.


Action:

Consider defining a bean of type 'com.scccy.service.base.manager.OkHttpManager' in your configuration.

2025-09-30 12:20:04.835 [Thread-4] WARN  com.alibaba.nacos.common.notify.NotifyCenter - [NotifyCenter] Start destroying Publisher
2025-09-30 12:20:04.835 [Thread-2] WARN  com.alibaba.nacos.common.http.HttpClientBeanHolder - [HttpClientBeanHolder] Start destroying common HttpClient
2025-09-30 12:20:04.835 [Thread-4] WARN  com.alibaba.nacos.common.notify.NotifyCenter - [NotifyCenter] Destruction of the end
2025-09-30 12:20:04.836 [Thread-2] WARN  com.alibaba.nacos.common.http.HttpClientBeanHolder - [HttpClientBeanHolder] Destruction of the end
2025-09-30 12:20:32.902 [background-preinit] INFO  org.hibernate.validator.internal.util.Version - HV000001: Hibernate Validator 8.0.1.Final
2025-09-30 12:20:32.988 [main] INFO  com.scccy.service.auth.AuthApplication - Starting AuthApplication using Java 21.0.8 with PID 67184 (/Volumes/project/github/scccy-scaffolding/service/service-auth/target/classes started by shici in /Volumes/project/github/scccy-scaffolding/service/service-auth)
2025-09-30 12:20:32.991 [main] INFO  com.scccy.service.auth.AuthApplication - No active profile set, falling back to 1 default profile: "default"
2025-09-30 12:20:33.093 [main] INFO  com.alibaba.cloud.nacos.configdata.NacosConfigDataLoader - [Nacos Config] Load config[dataId=service-auth.yaml, group=DEFAULT_GROUP] success
2025-09-30 12:20:33.620 [main] INFO  org.springframework.data.repository.config.RepositoryConfigurationDelegate - Multiple Spring Data modules found, entering strict repository configuration mode
2025-09-30 12:20:33.621 [main] INFO  org.springframework.data.repository.config.RepositoryConfigurationDelegate - Bootstrapping Spring Data Redis repositories in DEFAULT mode.
2025-09-30 12:20:33.630 [main] INFO  org.springframework.data.repository.config.RepositoryConfigurationDelegate - Finished Spring Data repository scanning in 2 ms. Found 0 Redis repository interfaces.
2025-09-30 12:20:33.829 [main] WARN  org.mybatis.spring.mapper.ClassPathMapperScanner - No MyBatis mapper was found in '[com.scccy.service.auth]' package. Please check your configuration.
2025-09-30 12:20:33.901 [main] INFO  org.springframework.cloud.context.scope.GenericScope - BeanFactory id=37ac5dda-1200-3ae1-ae0f-cbb0da1d0f02
2025-09-30 12:20:34.452 [main] INFO  org.springframework.boot.web.embedded.tomcat.TomcatWebServer - Tomcat initialized with port 8081 (http)
2025-09-30 12:20:34.462 [main] INFO  org.apache.coyote.http11.Http11NioProtocol - Initializing ProtocolHandler ["http-nio-8081"]
2025-09-30 12:20:34.464 [main] INFO  org.apache.catalina.core.StandardService - Starting service [Tomcat]
2025-09-30 12:20:34.464 [main] INFO  org.apache.catalina.core.StandardEngine - Starting Servlet engine: [Apache Tomcat/10.1.20]
2025-09-30 12:20:34.541 [main] INFO  org.apache.catalina.core.ContainerBase.[Tomcat].[localhost].[/] - Initializing Spring embedded WebApplicationContext
2025-09-30 12:20:34.542 [main] INFO  org.springframework.boot.web.servlet.context.ServletWebServerApplicationContext - Root WebApplicationContext: initialization completed in 1445 ms
2025-09-30 12:20:34.659 [main] DEBUG org.springframework.web.filter.ServerHttpObservationFilter - Filter 'webMvcObservationFilter' configured for use
2025-09-30 12:20:34.960 [main] INFO  org.apache.coyote.http11.Http11NioProtocol - Starting ProtocolHandler ["http-nio-8081"]
2025-09-30 12:20:34.964 [main] INFO  org.springframework.boot.web.embedded.tomcat.TomcatWebServer - Tomcat started on port 8081 (http) with context path ''
2025-09-30 12:20:34.995 [main] INFO  com.alibaba.nacos.plugin.auth.spi.client.ClientAuthPluginManager - [ClientAuthPluginManager] Load ClientAuthService com.alibaba.nacos.client.auth.impl.NacosClientAuthServiceImpl success.
2025-09-30 12:20:34.995 [main] INFO  com.alibaba.nacos.plugin.auth.spi.client.ClientAuthPluginManager - [ClientAuthPluginManager] Load ClientAuthService com.alibaba.nacos.client.auth.ram.RamClientAuthServiceImpl success.
2025-09-30 12:20:35.297 [main] INFO  com.alibaba.cloud.nacos.registry.NacosServiceRegistry - nacos registry, DEFAULT_GROUP service-auth 10.20.0.67:8081 register finished
2025-09-30 12:20:35.365 [main] DEBUG org.springframework.web.servlet.mvc.method.annotation.RequestMappingHandlerMapping - 7 mappings in 'requestMappingHandlerMapping'
2025-09-30 12:20:35.441 [main] DEBUG org.springframework.web.servlet.handler.BeanNameUrlHandlerMapping - Detected 1 mappings in 'beanNameHandlerMapping'
2025-09-30 12:20:35.481 [main] DEBUG org.springframework.web.servlet.handler.SimpleUrlHandlerMapping - Patterns [/webjars/**, /**, /swagger-ui*/*swagger-initializer.js, /swagger-ui*/**] in 'resourceHandlerMapping'
2025-09-30 12:20:35.510 [main] INFO  org.springframework.boot.actuate.endpoint.web.EndpointLinksResolver - Exposing 3 endpoint(s) beneath base path '/actuator'
2025-09-30 12:20:35.517 [main] INFO  com.scccy.service.auth.AuthApplication - Started AuthApplication in 3.378 seconds (process running for 3.66)
2025-09-30 12:20:35.525 [main] INFO  com.alibaba.cloud.nacos.refresh.NacosContextRefresher - [Nacos Config] Listening config: dataId=service-auth.yaml, group=DEFAULT_GROUP
2025-09-30 12:21:38.901 [Thread-4] WARN  com.alibaba.nacos.common.notify.NotifyCenter - [NotifyCenter] Start destroying Publisher
2025-09-30 12:21:38.902 [Thread-4] WARN  com.alibaba.nacos.common.notify.NotifyCenter - [NotifyCenter] Destruction of the end
2025-09-30 12:21:38.901 [Thread-2] WARN  com.alibaba.nacos.common.http.HttpClientBeanHolder - [HttpClientBeanHolder] Start destroying common HttpClient
2025-09-30 12:21:38.906 [Thread-2] WARN  com.alibaba.nacos.common.http.HttpClientBeanHolder - [HttpClientBeanHolder] Destruction of the end
2025-09-30 12:21:38.949 [SpringApplicationShutdownHook] INFO  com.alibaba.cloud.nacos.registry.NacosServiceRegistry - De-registering from Nacos Server now...
2025-09-30 12:21:39.032 [SpringApplicationShutdownHook] INFO  com.alibaba.cloud.nacos.registry.NacosServiceRegistry - De-registration finished.
2025-09-30 12:32:53.264 [background-preinit] INFO  org.hibernate.validator.internal.util.Version - HV000001: Hibernate Validator 8.0.1.Final
2025-09-30 12:32:53.311 [main] INFO  com.scccy.service.auth.AuthApplication - Starting AuthApplication using Java 21.0.8 with PID 68059 (/Volumes/project/github/scccy-scaffolding/service/service-auth/target/classes started by shici in /Volumes/project/github/scccy-scaffolding/service/service-auth)
2025-09-30 12:32:53.314 [main] INFO  com.scccy.service.auth.AuthApplication - No active profile set, falling back to 1 default profile: "default"
2025-09-30 12:32:53.331 [main] INFO  com.alibaba.cloud.nacos.configdata.NacosConfigDataLoader - [Nacos Config] Load config[dataId=service-auth.yaml, group=DEFAULT_GROUP] success
2025-09-30 12:32:53.580 [main] WARN  org.springframework.boot.web.servlet.context.AnnotationConfigServletWebServerApplicationContext - Exception encountered during context initialization - cancelling refresh attempt: java.lang.IllegalStateException: Error processing condition on org.springframework.boot.autoconfigure.context.PropertyPlaceholderAutoConfiguration.propertySourcesPlaceholderConfigurer
2025-09-30 12:32:53.586 [main] INFO  org.springframework.boot.autoconfigure.logging.ConditionEvaluationReportLogger - 

Error starting ApplicationContext. To display the condition evaluation report re-run your application with 'debug' enabled.
2025-09-30 12:32:53.595 [main] ERROR org.springframework.boot.SpringApplication - Application run failed
java.lang.IllegalStateException: Error processing condition on org.springframework.boot.autoconfigure.context.PropertyPlaceholderAutoConfiguration.propertySourcesPlaceholderConfigurer
	at org.springframework.boot.autoconfigure.condition.SpringBootCondition.matches(SpringBootCondition.java:60) ~[spring-boot-autoconfigure-3.2.5.jar:3.2.5]
	at org.springframework.context.annotation.ConditionEvaluator.shouldSkip(ConditionEvaluator.java:108) ~[spring-context-6.1.6.jar:6.1.6]
	at org.springframework.context.annotation.ConfigurationClassBeanDefinitionReader.loadBeanDefinitionsForBeanMethod(ConfigurationClassBeanDefinitionReader.java:183) ~[spring-context-6.1.6.jar:6.1.6]
	at org.springframework.context.annotation.ConfigurationClassBeanDefinitionReader.loadBeanDefinitionsForConfigurationClass(ConfigurationClassBeanDefinitionReader.java:144) ~[spring-context-6.1.6.jar:6.1.6]
	at org.springframework.context.annotation.ConfigurationClassBeanDefinitionReader.loadBeanDefinitions(ConfigurationClassBeanDefinitionReader.java:120) ~[spring-context-6.1.6.jar:6.1.6]
	at org.springframework.context.annotation.ConfigurationClassPostProcessor.processConfigBeanDefinitions(ConfigurationClassPostProcessor.java:428) ~[spring-context-6.1.6.jar:6.1.6]
	at org.springframework.context.annotation.ConfigurationClassPostProcessor.postProcessBeanDefinitionRegistry(ConfigurationClassPostProcessor.java:289) ~[spring-context-6.1.6.jar:6.1.6]
	at org.springframework.context.support.PostProcessorRegistrationDelegate.invokeBeanDefinitionRegistryPostProcessors(PostProcessorRegistrationDelegate.java:349) ~[spring-context-6.1.6.jar:6.1.6]
	at org.springframework.context.support.PostProcessorRegistrationDelegate.invokeBeanFactoryPostProcessors(PostProcessorRegistrationDelegate.java:118) ~[spring-context-6.1.6.jar:6.1.6]
	at org.springframework.context.support.AbstractApplicationContext.invokeBeanFactoryPostProcessors(AbstractApplicationContext.java:788) ~[spring-context-6.1.6.jar:6.1.6]
	at org.springframework.context.support.AbstractApplicationContext.refresh(AbstractApplicationContext.java:606) ~[spring-context-6.1.6.jar:6.1.6]
	at org.springframework.boot.web.servlet.context.ServletWebServerApplicationContext.refresh(ServletWebServerApplicationContext.java:146) ~[spring-boot-3.2.5.jar:3.2.5]
	at org.springframework.boot.SpringApplication.refresh(SpringApplication.java:754) [spring-boot-3.2.5.jar:3.2.5]
	at org.springframework.boot.SpringApplication.refreshContext(SpringApplication.java:456) [spring-boot-3.2.5.jar:3.2.5]
	at org.springframework.boot.SpringApplication.run(SpringApplication.java:334) [spring-boot-3.2.5.jar:3.2.5]
	at org.springframework.boot.SpringApplication.run(SpringApplication.java:1354) [spring-boot-3.2.5.jar:3.2.5]
	at org.springframework.boot.SpringApplication.run(SpringApplication.java:1343) [spring-boot-3.2.5.jar:3.2.5]
	at com.scccy.service.auth.AuthApplication.main(AuthApplication.java:17) [classes/:?]
Caused by: java.lang.IllegalStateException: Failed to introspect Class [com.scccy.service.base.config.RedisConfig] from ClassLoader [jdk.internal.loader.ClassLoaders$AppClassLoader@2c854dc5]
	at org.springframework.util.ReflectionUtils.getDeclaredMethods(ReflectionUtils.java:483) ~[spring-core-6.1.6.jar:6.1.6]
	at org.springframework.util.ReflectionUtils.doWithMethods(ReflectionUtils.java:360) ~[spring-core-6.1.6.jar:6.1.6]
	at org.springframework.util.ReflectionUtils.getUniqueDeclaredMethods(ReflectionUtils.java:417) ~[spring-core-6.1.6.jar:6.1.6]
	at org.springframework.beans.factory.support.AbstractAutowireCapableBeanFactory.lambda$getTypeForFactoryMethod$1(AbstractAutowireCapableBeanFactory.java:750) ~[spring-beans-6.1.6.jar:6.1.6]
	at java.util.concurrent.ConcurrentHashMap.computeIfAbsent(ConcurrentHashMap.java:1740) ~[?:?]
	at org.springframework.beans.factory.support.AbstractAutowireCapableBeanFactory.getTypeForFactoryMethod(AbstractAutowireCapableBeanFactory.java:749) ~[spring-beans-6.1.6.jar:6.1.6]
	at org.springframework.beans.factory.support.AbstractAutowireCapableBeanFactory.determineTargetType(AbstractAutowireCapableBeanFactory.java:682) ~[spring-beans-6.1.6.jar:6.1.6]
	at org.springframework.beans.factory.support.AbstractAutowireCapableBeanFactory.predictBeanType(AbstractAutowireCapableBeanFactory.java:653) ~[spring-beans-6.1.6.jar:6.1.6]
	at org.springframework.beans.factory.support.AbstractBeanFactory.isFactoryBean(AbstractBeanFactory.java:1676) ~[spring-beans-6.1.6.jar:6.1.6]
	at org.springframework.beans.factory.support.DefaultListableBeanFactory.doGetBeanNamesForType(DefaultListableBeanFactory.java:562) ~[spring-beans-6.1.6.jar:6.1.6]
	at org.springframework.beans.factory.support.DefaultListableBeanFactory.getBeanNamesForType(DefaultListableBeanFactory.java:534) ~[spring-beans-6.1.6.jar:6.1.6]
	at org.springframework.boot.autoconfigure.condition.OnBeanCondition.collectBeanNamesForType(OnBeanCondition.java:247) ~[spring-boot-autoconfigure-3.2.5.jar:3.2.5]
	at org.springframework.boot.autoconfigure.condition.OnBeanCondition.getBeanNamesForType(OnBeanCondition.java:240) ~[spring-boot-autoconfigure-3.2.5.jar:3.2.5]
	at org.springframework.boot.autoconfigure.condition.OnBeanCondition.getBeanNamesForType(OnBeanCondition.java:230) ~[spring-boot-autoconfigure-3.2.5.jar:3.2.5]
	at org.springframework.boot.autoconfigure.condition.OnBeanCondition.getMatchingBeans(OnBeanCondition.java:183) ~[spring-boot-autoconfigure-3.2.5.jar:3.2.5]
	at org.springframework.boot.autoconfigure.condition.OnBeanCondition.getMatchOutcome(OnBeanCondition.java:158) ~[spring-boot-autoconfigure-3.2.5.jar:3.2.5]
	at org.springframework.boot.autoconfigure.condition.SpringBootCondition.matches(SpringBootCondition.java:47) ~[spring-boot-autoconfigure-3.2.5.jar:3.2.5]
	... 17 more
Caused by: java.lang.NoClassDefFoundError: org/springframework/data/redis/serializer/RedisSerializer
	at java.lang.Class.getDeclaredMethods0(Native Method) ~[?:?]
	at java.lang.Class.privateGetDeclaredMethods(Class.java:3578) ~[?:?]
	at java.lang.Class.getDeclaredMethods(Class.java:2676) ~[?:?]
	at org.springframework.util.ReflectionUtils.getDeclaredMethods(ReflectionUtils.java:465) ~[spring-core-6.1.6.jar:6.1.6]
	at org.springframework.util.ReflectionUtils.doWithMethods(ReflectionUtils.java:360) ~[spring-core-6.1.6.jar:6.1.6]
	at org.springframework.util.ReflectionUtils.getUniqueDeclaredMethods(ReflectionUtils.java:417) ~[spring-core-6.1.6.jar:6.1.6]
	at org.springframework.beans.factory.support.AbstractAutowireCapableBeanFactory.lambda$getTypeForFactoryMethod$1(AbstractAutowireCapableBeanFactory.java:750) ~[spring-beans-6.1.6.jar:6.1.6]
	at java.util.concurrent.ConcurrentHashMap.computeIfAbsent(ConcurrentHashMap.java:1740) ~[?:?]
	at org.springframework.beans.factory.support.AbstractAutowireCapableBeanFactory.getTypeForFactoryMethod(AbstractAutowireCapableBeanFactory.java:749) ~[spring-beans-6.1.6.jar:6.1.6]
	at org.springframework.beans.factory.support.AbstractAutowireCapableBeanFactory.determineTargetType(AbstractAutowireCapableBeanFactory.java:682) ~[spring-beans-6.1.6.jar:6.1.6]
	at org.springframework.beans.factory.support.AbstractAutowireCapableBeanFactory.predictBeanType(AbstractAutowireCapableBeanFactory.java:653) ~[spring-beans-6.1.6.jar:6.1.6]
	at org.springframework.beans.factory.support.AbstractBeanFactory.isFactoryBean(AbstractBeanFactory.java:1676) ~[spring-beans-6.1.6.jar:6.1.6]
	at org.springframework.beans.factory.support.DefaultListableBeanFactory.doGetBeanNamesForType(DefaultListableBeanFactory.java:562) ~[spring-beans-6.1.6.jar:6.1.6]
	at org.springframework.beans.factory.support.DefaultListableBeanFactory.getBeanNamesForType(DefaultListableBeanFactory.java:534) ~[spring-beans-6.1.6.jar:6.1.6]
	at org.springframework.boot.autoconfigure.condition.OnBeanCondition.collectBeanNamesForType(OnBeanCondition.java:247) ~[spring-boot-autoconfigure-3.2.5.jar:3.2.5]
	at org.springframework.boot.autoconfigure.condition.OnBeanCondition.getBeanNamesForType(OnBeanCondition.java:240) ~[spring-boot-autoconfigure-3.2.5.jar:3.2.5]
	at org.springframework.boot.autoconfigure.condition.OnBeanCondition.getBeanNamesForType(OnBeanCondition.java:230) ~[spring-boot-autoconfigure-3.2.5.jar:3.2.5]
	at org.springframework.boot.autoconfigure.condition.OnBeanCondition.getMatchingBeans(OnBeanCondition.java:183) ~[spring-boot-autoconfigure-3.2.5.jar:3.2.5]
	at org.springframework.boot.autoconfigure.condition.OnBeanCondition.getMatchOutcome(OnBeanCondition.java:158) ~[spring-boot-autoconfigure-3.2.5.jar:3.2.5]
	at org.springframework.boot.autoconfigure.condition.SpringBootCondition.matches(SpringBootCondition.java:47) ~[spring-boot-autoconfigure-3.2.5.jar:3.2.5]
	... 17 more
Caused by: java.lang.ClassNotFoundException: org.springframework.data.redis.serializer.RedisSerializer
	at jdk.internal.loader.BuiltinClassLoader.loadClass(BuiltinClassLoader.java:641) ~[?:?]
	at jdk.internal.loader.ClassLoaders$AppClassLoader.loadClass(ClassLoaders.java:188) ~[?:?]
	at java.lang.ClassLoader.loadClass(ClassLoader.java:526) ~[?:?]
	at java.lang.Class.getDeclaredMethods0(Native Method) ~[?:?]
	at java.lang.Class.privateGetDeclaredMethods(Class.java:3578) ~[?:?]
	at java.lang.Class.getDeclaredMethods(Class.java:2676) ~[?:?]
	at org.springframework.util.ReflectionUtils.getDeclaredMethods(ReflectionUtils.java:465) ~[spring-core-6.1.6.jar:6.1.6]
	at org.springframework.util.ReflectionUtils.doWithMethods(ReflectionUtils.java:360) ~[spring-core-6.1.6.jar:6.1.6]
	at org.springframework.util.ReflectionUtils.getUniqueDeclaredMethods(ReflectionUtils.java:417) ~[spring-core-6.1.6.jar:6.1.6]
	at org.springframework.beans.factory.support.AbstractAutowireCapableBeanFactory.lambda$getTypeForFactoryMethod$1(AbstractAutowireCapableBeanFactory.java:750) ~[spring-beans-6.1.6.jar:6.1.6]
	at java.util.concurrent.ConcurrentHashMap.computeIfAbsent(ConcurrentHashMap.java:1740) ~[?:?]
	at org.springframework.beans.factory.support.AbstractAutowireCapableBeanFactory.getTypeForFactoryMethod(AbstractAutowireCapableBeanFactory.java:749) ~[spring-beans-6.1.6.jar:6.1.6]
	at org.springframework.beans.factory.support.AbstractAutowireCapableBeanFactory.determineTargetType(AbstractAutowireCapableBeanFactory.java:682) ~[spring-beans-6.1.6.jar:6.1.6]
	at org.springframework.beans.factory.support.AbstractAutowireCapableBeanFactory.predictBeanType(AbstractAutowireCapableBeanFactory.java:653) ~[spring-beans-6.1.6.jar:6.1.6]
	at org.springframework.beans.factory.support.AbstractBeanFactory.isFactoryBean(AbstractBeanFactory.java:1676) ~[spring-beans-6.1.6.jar:6.1.6]
	at org.springframework.beans.factory.support.DefaultListableBeanFactory.doGetBeanNamesForType(DefaultListableBeanFactory.java:562) ~[spring-beans-6.1.6.jar:6.1.6]
	at org.springframework.beans.factory.support.DefaultListableBeanFactory.getBeanNamesForType(DefaultListableBeanFactory.java:534) ~[spring-beans-6.1.6.jar:6.1.6]
	at org.springframework.boot.autoconfigure.condition.OnBeanCondition.collectBeanNamesForType(OnBeanCondition.java:247) ~[spring-boot-autoconfigure-3.2.5.jar:3.2.5]
	at org.springframework.boot.autoconfigure.condition.OnBeanCondition.getBeanNamesForType(OnBeanCondition.java:240) ~[spring-boot-autoconfigure-3.2.5.jar:3.2.5]
	at org.springframework.boot.autoconfigure.condition.OnBeanCondition.getBeanNamesForType(OnBeanCondition.java:230) ~[spring-boot-autoconfigure-3.2.5.jar:3.2.5]
	at org.springframework.boot.autoconfigure.condition.OnBeanCondition.getMatchingBeans(OnBeanCondition.java:183) ~[spring-boot-autoconfigure-3.2.5.jar:3.2.5]
	at org.springframework.boot.autoconfigure.condition.OnBeanCondition.getMatchOutcome(OnBeanCondition.java:158) ~[spring-boot-autoconfigure-3.2.5.jar:3.2.5]
	at org.springframework.boot.autoconfigure.condition.SpringBootCondition.matches(SpringBootCondition.java:47) ~[spring-boot-autoconfigure-3.2.5.jar:3.2.5]
	... 17 more
2025-09-30 12:32:53.599 [Thread-4] WARN  com.alibaba.nacos.common.notify.NotifyCenter - [NotifyCenter] Start destroying Publisher
2025-09-30 12:32:53.599 [Thread-4] WARN  com.alibaba.nacos.common.notify.NotifyCenter - [NotifyCenter] Destruction of the end
2025-09-30 12:32:53.599 [Thread-2] WARN  com.alibaba.nacos.common.http.HttpClientBeanHolder - [HttpClientBeanHolder] Start destroying common HttpClient
2025-09-30 12:32:53.599 [Thread-2] WARN  com.alibaba.nacos.common.http.HttpClientBeanHolder - [HttpClientBeanHolder] Destruction of the end
2025-09-30 12:33:23.124 [background-preinit] INFO  org.hibernate.validator.internal.util.Version - HV000001: Hibernate Validator 8.0.1.Final
2025-09-30 12:33:23.165 [main] INFO  com.scccy.service.auth.AuthApplication - Starting AuthApplication using Java 21.0.8 with PID 68230 (/Volumes/project/github/scccy-scaffolding/service/service-auth/target/classes started by shici in /Volumes/project/github/scccy-scaffolding/service/service-auth)
2025-09-30 12:33:23.168 [main] INFO  com.scccy.service.auth.AuthApplication - No active profile set, falling back to 1 default profile: "default"
2025-09-30 12:33:23.180 [main] INFO  com.alibaba.cloud.nacos.configdata.NacosConfigDataLoader - [Nacos Config] Load config[dataId=service-auth.yaml, group=DEFAULT_GROUP] success
2025-09-30 12:33:23.519 [main] WARN  org.mybatis.spring.mapper.ClassPathMapperScanner - No MyBatis mapper was found in '[com.scccy.service.auth]' package. Please check your configuration.
2025-09-30 12:33:23.552 [main] INFO  org.springframework.cloud.context.scope.GenericScope - BeanFactory id=0ba4482f-a729-3797-9b07-5c4448188298
2025-09-30 12:33:23.762 [main] INFO  org.springframework.boot.web.embedded.tomcat.TomcatWebServer - Tomcat initialized with port 8081 (http)
2025-09-30 12:33:23.767 [main] INFO  org.apache.coyote.http11.Http11NioProtocol - Initializing ProtocolHandler ["http-nio-8081"]
2025-09-30 12:33:23.768 [main] INFO  org.apache.catalina.core.StandardService - Starting service [Tomcat]
2025-09-30 12:33:23.768 [main] INFO  org.apache.catalina.core.StandardEngine - Starting Servlet engine: [Apache Tomcat/10.1.20]
2025-09-30 12:33:23.792 [main] INFO  org.apache.catalina.core.ContainerBase.[Tomcat].[localhost].[/] - Initializing Spring embedded WebApplicationContext
2025-09-30 12:33:23.792 [main] INFO  org.springframework.boot.web.servlet.context.ServletWebServerApplicationContext - Root WebApplicationContext: initialization completed in 612 ms
2025-09-30 12:33:23.855 [main] DEBUG org.springframework.web.filter.ServerHttpObservationFilter - Filter 'webMvcObservationFilter' configured for use
2025-09-30 12:33:24.024 [main] INFO  org.apache.coyote.http11.Http11NioProtocol - Starting ProtocolHandler ["http-nio-8081"]
2025-09-30 12:33:24.026 [main] WARN  org.springframework.boot.web.servlet.context.AnnotationConfigServletWebServerApplicationContext - Exception encountered during context initialization - cancelling refresh attempt: org.springframework.context.ApplicationContextException: Failed to start bean 'webServerStartStop'
2025-09-30 12:33:24.035 [main] INFO  org.springframework.boot.autoconfigure.logging.ConditionEvaluationReportLogger - 

Error starting ApplicationContext. To display the condition evaluation report re-run your application with 'debug' enabled.
2025-09-30 12:33:24.041 [main] ERROR org.springframework.boot.diagnostics.LoggingFailureAnalysisReporter - 

***************************
APPLICATION FAILED TO START
***************************

Description:

Web server failed to start. Port 8081 was already in use.

Action:

Identify and stop the process that's listening on port 8081 or configure this application to listen on another port.

2025-09-30 12:33:24.042 [Thread-4] WARN  com.alibaba.nacos.common.notify.NotifyCenter - [NotifyCenter] Start destroying Publisher
2025-09-30 12:33:24.042 [Thread-4] WARN  com.alibaba.nacos.common.notify.NotifyCenter - [NotifyCenter] Destruction of the end
2025-09-30 12:33:24.042 [Thread-2] WARN  com.alibaba.nacos.common.http.HttpClientBeanHolder - [HttpClientBeanHolder] Start destroying common HttpClient
2025-09-30 12:33:24.042 [Thread-2] WARN  com.alibaba.nacos.common.http.HttpClientBeanHolder - [HttpClientBeanHolder] Destruction of the end
