2025-09-29 16:44:34.075 [main] ERROR org.springframework.boot.diagnostics.LoggingFailureAnalysisReporter - 

***************************
APPLICATION FAILED TO START
***************************

Description:

No spring.config.import property has been defined

Action:

Add a spring.config.import=nacos: property to your configuration.
	If configuration is not required add spring.config.import=optional:nacos: instead.
	To disable this check, set spring.cloud.nacos.config.import-check.enabled=false.

2025-09-29 16:45:12.527 [main] ERROR org.springframework.boot.diagnostics.LoggingFailureAnalysisReporter - 

***************************
APPLICATION FAILED TO START
***************************

Description:

No spring.config.import property has been defined

Action:

Add a spring.config.import=nacos: property to your configuration.
	If configuration is not required add spring.config.import=optional:nacos: instead.
	To disable this check, set spring.cloud.nacos.config.import-check.enabled=false.

2025-09-29 17:05:15.657 [background-preinit] INFO  org.hibernate.validator.internal.util.Version - HV000001: Hibernate Validator 8.0.1.Final
2025-09-29 17:05:15.690 [main] INFO  com.origin.gateway.GatewayApplication - Starting GatewayApplication using Java 21.0.8 with PID 17934 (/Volumes/project/github/scccy-scaffolding/service/service-gateway/target/classes started by shici in /Volumes/project/github/scccy-scaffolding)
2025-09-29 17:05:15.691 [main] DEBUG com.origin.gateway.GatewayApplication - Running with Spring Boot v3.2.5, Spring v6.1.6
2025-09-29 17:05:15.691 [main] INFO  com.origin.gateway.GatewayApplication - No active profile set, falling back to 1 default profile: "default"
2025-09-29 17:05:15.702 [main] INFO  com.alibaba.cloud.nacos.configdata.NacosConfigDataLoader - [Nacos Config] Load config[dataId=service-gateway.yaml, group=DEFAULT_GROUP] success
2025-09-29 17:05:16.080 [main] INFO  org.springframework.cloud.context.scope.GenericScope - BeanFactory id=5956ddce-242d-3cff-ae19-ab5541499350
2025-09-29 17:05:16.178 [main] WARN  org.springframework.context.support.PostProcessorRegistrationDelegate$BeanPostProcessorChecker - Bean 'org.springframework.cloud.client.loadbalancer.LoadBalancerAutoConfiguration$LoadBalancerInterceptorConfig' of type [org.springframework.cloud.client.loadbalancer.LoadBalancerAutoConfiguration$LoadBalancerInterceptorConfig] is not eligible for getting processed by all BeanPostProcessors (for example: not eligible for auto-proxying). The currently created BeanPostProcessor [lbRestClientPostProcessor] is declared through a non-static factory method on that class; consider declaring it as static instead.
2025-09-29 17:05:16.179 [main] WARN  org.springframework.context.support.PostProcessorRegistrationDelegate$BeanPostProcessorChecker - Bean 'org.springframework.cloud.loadbalancer.config.BlockingLoadBalancerClientAutoConfiguration' of type [org.springframework.cloud.loadbalancer.config.BlockingLoadBalancerClientAutoConfiguration] is not eligible for getting processed by all BeanPostProcessors (for example: not eligible for auto-proxying). Is this bean getting eagerly injected into a currently created BeanPostProcessor [lbRestClientPostProcessor]? Check the corresponding BeanPostProcessor declaration and its dependencies.
2025-09-29 17:05:16.180 [main] WARN  org.springframework.context.support.PostProcessorRegistrationDelegate$BeanPostProcessorChecker - Bean 'org.springframework.cloud.loadbalancer.config.LoadBalancerAutoConfiguration' of type [org.springframework.cloud.loadbalancer.config.LoadBalancerAutoConfiguration] is not eligible for getting processed by all BeanPostProcessors (for example: not eligible for auto-proxying). Is this bean getting eagerly injected into a currently created BeanPostProcessor [lbRestClientPostProcessor]? Check the corresponding BeanPostProcessor declaration and its dependencies.
2025-09-29 17:05:16.182 [main] WARN  org.springframework.context.support.PostProcessorRegistrationDelegate$BeanPostProcessorChecker - Bean 'org.springframework.cloud.commons.config.CommonsConfigAutoConfiguration' of type [org.springframework.cloud.commons.config.CommonsConfigAutoConfiguration] is not eligible for getting processed by all BeanPostProcessors (for example: not eligible for auto-proxying). Is this bean getting eagerly injected into a currently created BeanPostProcessor [lbRestClientPostProcessor]? Check the corresponding BeanPostProcessor declaration and its dependencies.
2025-09-29 17:05:16.183 [main] WARN  org.springframework.context.support.PostProcessorRegistrationDelegate$BeanPostProcessorChecker - Bean 'org.springframework.cloud.client.loadbalancer.LoadBalancerDefaultMappingsProviderAutoConfiguration' of type [org.springframework.cloud.client.loadbalancer.LoadBalancerDefaultMappingsProviderAutoConfiguration] is not eligible for getting processed by all BeanPostProcessors (for example: not eligible for auto-proxying). Is this bean getting eagerly injected into a currently created BeanPostProcessor [lbRestClientPostProcessor]? Check the corresponding BeanPostProcessor declaration and its dependencies.
2025-09-29 17:05:16.184 [main] WARN  org.springframework.context.support.PostProcessorRegistrationDelegate$BeanPostProcessorChecker - Bean 'loadBalancerClientsDefaultsMappingsProvider' of type [org.springframework.cloud.client.loadbalancer.LoadBalancerDefaultMappingsProviderAutoConfiguration$$Lambda/0x000000700170e5e0] is not eligible for getting processed by all BeanPostProcessors (for example: not eligible for auto-proxying). Is this bean getting eagerly injected into a currently created BeanPostProcessor [lbRestClientPostProcessor]? Check the corresponding BeanPostProcessor declaration and its dependencies.
2025-09-29 17:05:16.184 [main] WARN  org.springframework.context.support.PostProcessorRegistrationDelegate$BeanPostProcessorChecker - Bean 'defaultsBindHandlerAdvisor' of type [org.springframework.cloud.commons.config.DefaultsBindHandlerAdvisor] is not eligible for getting processed by all BeanPostProcessors (for example: not eligible for auto-proxying). Is this bean getting eagerly injected into a currently created BeanPostProcessor [lbRestClientPostProcessor]? Check the corresponding BeanPostProcessor declaration and its dependencies.
2025-09-29 17:05:16.188 [main] WARN  org.springframework.context.support.PostProcessorRegistrationDelegate$BeanPostProcessorChecker - Bean 'spring.cloud.loadbalancer-org.springframework.cloud.client.loadbalancer.LoadBalancerClientsProperties' of type [org.springframework.cloud.client.loadbalancer.LoadBalancerClientsProperties] is not eligible for getting processed by all BeanPostProcessors (for example: not eligible for auto-proxying). Is this bean getting eagerly injected into a currently created BeanPostProcessor [lbRestClientPostProcessor]? Check the corresponding BeanPostProcessor declaration and its dependencies.
2025-09-29 17:05:16.190 [main] WARN  org.springframework.context.support.PostProcessorRegistrationDelegate$BeanPostProcessorChecker - Bean 'default.org.springframework.cloud.loadbalancer.config.LoadBalancerAutoConfiguration.LoadBalancerClientSpecification' of type [org.springframework.cloud.loadbalancer.annotation.LoadBalancerClientSpecification] is not eligible for getting processed by all BeanPostProcessors (for example: not eligible for auto-proxying). Is this bean getting eagerly injected into a currently created BeanPostProcessor [lbRestClientPostProcessor]? Check the corresponding BeanPostProcessor declaration and its dependencies.
2025-09-29 17:05:16.190 [main] WARN  org.springframework.context.support.PostProcessorRegistrationDelegate$BeanPostProcessorChecker - Bean 'default.org.springframework.cloud.loadbalancer.config.BlockingLoadBalancerClientAutoConfiguration.LoadBalancerClientSpecification' of type [org.springframework.cloud.loadbalancer.annotation.LoadBalancerClientSpecification] is not eligible for getting processed by all BeanPostProcessors (for example: not eligible for auto-proxying). Is this bean getting eagerly injected into a currently created BeanPostProcessor [lbRestClientPostProcessor]? Check the corresponding BeanPostProcessor declaration and its dependencies.
2025-09-29 17:05:16.190 [main] WARN  org.springframework.context.support.PostProcessorRegistrationDelegate$BeanPostProcessorChecker - Bean 'loadBalancerClientFactory' of type [org.springframework.cloud.loadbalancer.support.LoadBalancerClientFactory] is not eligible for getting processed by all BeanPostProcessors (for example: not eligible for auto-proxying). Is this bean getting eagerly injected into a currently created BeanPostProcessor [lbRestClientPostProcessor]? Check the corresponding BeanPostProcessor declaration and its dependencies.
2025-09-29 17:05:16.192 [main] WARN  org.springframework.context.support.PostProcessorRegistrationDelegate$BeanPostProcessorChecker - Bean 'blockingLoadBalancerClient' of type [org.springframework.cloud.loadbalancer.blocking.client.BlockingLoadBalancerClient] is not eligible for getting processed by all BeanPostProcessors (for example: not eligible for auto-proxying). Is this bean getting eagerly injected into a currently created BeanPostProcessor [lbRestClientPostProcessor]? Check the corresponding BeanPostProcessor declaration and its dependencies.
2025-09-29 17:05:16.195 [main] WARN  org.springframework.context.support.PostProcessorRegistrationDelegate$BeanPostProcessorChecker - Bean 'loadBalancerServiceInstanceCookieTransformer' of type [org.springframework.cloud.loadbalancer.core.LoadBalancerServiceInstanceCookieTransformer] is not eligible for getting processed by all BeanPostProcessors (for example: not eligible for auto-proxying). Is this bean getting eagerly injected into a currently created BeanPostProcessor [lbRestClientPostProcessor]? Check the corresponding BeanPostProcessor declaration and its dependencies.
2025-09-29 17:05:16.195 [main] WARN  org.springframework.context.support.PostProcessorRegistrationDelegate$BeanPostProcessorChecker - Bean 'xForwarderHeadersTransformer' of type [org.springframework.cloud.loadbalancer.blocking.XForwardedHeadersTransformer] is not eligible for getting processed by all BeanPostProcessors (for example: not eligible for auto-proxying). Is this bean getting eagerly injected into a currently created BeanPostProcessor [lbRestClientPostProcessor]? Check the corresponding BeanPostProcessor declaration and its dependencies.
2025-09-29 17:05:16.195 [main] WARN  org.springframework.context.support.PostProcessorRegistrationDelegate$BeanPostProcessorChecker - Bean 'org.springframework.cloud.client.loadbalancer.LoadBalancerAutoConfiguration' of type [org.springframework.cloud.client.loadbalancer.LoadBalancerAutoConfiguration] is not eligible for getting processed by all BeanPostProcessors (for example: not eligible for auto-proxying). Is this bean getting eagerly injected into a currently created BeanPostProcessor [lbRestClientPostProcessor]? Check the corresponding BeanPostProcessor declaration and its dependencies.
2025-09-29 17:05:16.196 [main] WARN  org.springframework.context.support.PostProcessorRegistrationDelegate$BeanPostProcessorChecker - Bean 'loadBalancerRequestFactory' of type [org.springframework.cloud.client.loadbalancer.LoadBalancerRequestFactory] is not eligible for getting processed by all BeanPostProcessors (for example: not eligible for auto-proxying). Is this bean getting eagerly injected into a currently created BeanPostProcessor [lbRestClientPostProcessor]? Check the corresponding BeanPostProcessor declaration and its dependencies.
2025-09-29 17:05:16.197 [main] WARN  org.springframework.context.support.PostProcessorRegistrationDelegate$BeanPostProcessorChecker - Bean 'loadBalancerInterceptor' of type [org.springframework.cloud.client.loadbalancer.LoadBalancerInterceptor] is not eligible for getting processed by all BeanPostProcessors (for example: not eligible for auto-proxying). Is this bean getting eagerly injected into a currently created BeanPostProcessor [lbRestClientPostProcessor]? Check the corresponding BeanPostProcessor declaration and its dependencies.
2025-09-29 17:05:16.197 [main] WARN  org.springframework.context.support.PostProcessorRegistrationDelegate$BeanPostProcessorChecker - Bean 'org.springframework.cloud.client.loadbalancer.reactive.LoadBalancerBeanPostProcessorAutoConfiguration' of type [org.springframework.cloud.client.loadbalancer.reactive.LoadBalancerBeanPostProcessorAutoConfiguration] is not eligible for getting processed by all BeanPostProcessors (for example: not eligible for auto-proxying). The currently created BeanPostProcessor [loadBalancerWebClientBuilderBeanPostProcessor] is declared through a non-static factory method on that class; consider declaring it as static instead.
2025-09-29 17:05:16.198 [main] WARN  org.springframework.context.support.PostProcessorRegistrationDelegate$BeanPostProcessorChecker - Bean 'org.springframework.cloud.client.loadbalancer.reactive.LoadBalancerBeanPostProcessorAutoConfiguration$ReactorDeferringLoadBalancerFilterConfig' of type [org.springframework.cloud.client.loadbalancer.reactive.LoadBalancerBeanPostProcessorAutoConfiguration$ReactorDeferringLoadBalancerFilterConfig] is not eligible for getting processed by all BeanPostProcessors (for example: not eligible for auto-proxying). Is this bean getting eagerly injected into a currently created BeanPostProcessor [loadBalancerWebClientBuilderBeanPostProcessor]? Check the corresponding BeanPostProcessor declaration and its dependencies.
2025-09-29 17:05:16.199 [main] WARN  org.springframework.context.support.PostProcessorRegistrationDelegate$BeanPostProcessorChecker - Bean 'reactorDeferringLoadBalancerExchangeFilterFunction' of type [org.springframework.cloud.client.loadbalancer.reactive.DeferringLoadBalancerExchangeFilterFunction] is not eligible for getting processed by all BeanPostProcessors (for example: not eligible for auto-proxying). Is this bean getting eagerly injected into a currently created BeanPostProcessor [loadBalancerWebClientBuilderBeanPostProcessor]? Check the corresponding BeanPostProcessor declaration and its dependencies.
2025-09-29 17:05:16.285 [main] INFO  org.springframework.boot.web.embedded.tomcat.TomcatWebServer - Tomcat initialized with port 8080 (http)
2025-09-29 17:05:16.292 [main] INFO  org.apache.coyote.http11.Http11NioProtocol - Initializing ProtocolHandler ["http-nio-8080"]
2025-09-29 17:05:16.292 [main] INFO  org.apache.catalina.core.StandardService - Starting service [Tomcat]
2025-09-29 17:05:16.292 [main] INFO  org.apache.catalina.core.StandardEngine - Starting Servlet engine: [Apache Tomcat/10.1.20]
2025-09-29 17:05:16.616 [main] INFO  org.apache.coyote.http11.Http11NioProtocol - Starting ProtocolHandler ["http-nio-8080"]
2025-09-29 17:05:16.619 [main] INFO  org.springframework.boot.web.embedded.tomcat.TomcatWebServer - Tomcat started on port 8080 (http) with context path ''
2025-09-29 17:05:16.634 [main] INFO  com.alibaba.nacos.plugin.auth.spi.client.ClientAuthPluginManager - [ClientAuthPluginManager] Load ClientAuthService com.alibaba.nacos.client.auth.impl.NacosClientAuthServiceImpl success.
2025-09-29 17:05:16.634 [main] INFO  com.alibaba.nacos.plugin.auth.spi.client.ClientAuthPluginManager - [ClientAuthPluginManager] Load ClientAuthService com.alibaba.nacos.client.auth.ram.RamClientAuthServiceImpl success.
2025-09-29 17:05:17.004 [main] INFO  com.alibaba.cloud.nacos.registry.NacosServiceRegistry - nacos registry, DEFAULT_GROUP service-gateway 10.20.0.67:8080 register finished
2025-09-29 17:05:17.120 [main] DEBUG org.springframework.cloud.gateway.config.GatewayProperties - Routes supplied from Gateway Properties: [RouteDefinition{id='auth-service', predicates=[PredicateDefinition{name='Path', args={_genkey_0=/service/auth/**}}], filters=[FilterDefinition{name='StripPrefix', args={_genkey_0=0}}, FilterDefinition{name='AddRequestHeader', args={_genkey_0=X-Gateway-Source, _genkey_1=service-gateway}}, FilterDefinition{name='AddRequestHeader', args={_genkey_0=X-Service-Name, _genkey_1=service-auth}}], uri=lb://service-auth, order=0, metadata={}}, RouteDefinition{id='user-service', predicates=[PredicateDefinition{name='Path', args={_genkey_0=/service/user/**}}], filters=[FilterDefinition{name='StripPrefix', args={_genkey_0=0}}, FilterDefinition{name='AddRequestHeader', args={_genkey_0=X-Gateway-Source, _genkey_1=service-gateway}}, FilterDefinition{name='AddRequestHeader', args={_genkey_0=X-Service-Name, _genkey_1=service-user}}], uri=lb://service-user, order=0, metadata={}}, RouteDefinition{id='publisher-service', predicates=[PredicateDefinition{name='Path', args={_genkey_0=/core/publisher/**}}], filters=[FilterDefinition{name='StripPrefix', args={_genkey_0=0}}, FilterDefinition{name='AddRequestHeader', args={_genkey_0=X-Gateway-Source, _genkey_1=service-gateway}}, FilterDefinition{name='AddRequestHeader', args={_genkey_0=X-Service-Name, _genkey_1=core-publisher}}], uri=lb://core-publisher, order=0, metadata={}}, RouteDefinition{id='oss-service', predicates=[PredicateDefinition{name='Path', args={_genkey_0=/tp/oss/**}}], filters=[FilterDefinition{name='StripPrefix', args={_genkey_0=0}}, FilterDefinition{name='AddRequestHeader', args={_genkey_0=X-Gateway-Source, _genkey_1=service-gateway}}, FilterDefinition{name='AddRequestHeader', args={_genkey_0=X-Service-Name, _genkey_1=third-party-aliyunOss}}], uri=lb://third-party-aliyunOss, order=0, metadata={}}]
2025-09-29 17:05:17.200 [main] INFO  org.springframework.cloud.gateway.route.RouteDefinitionRouteLocator - Loaded RoutePredicateFactory [After]
2025-09-29 17:05:17.200 [main] INFO  org.springframework.cloud.gateway.route.RouteDefinitionRouteLocator - Loaded RoutePredicateFactory [Before]
2025-09-29 17:05:17.201 [main] INFO  org.springframework.cloud.gateway.route.RouteDefinitionRouteLocator - Loaded RoutePredicateFactory [Between]
2025-09-29 17:05:17.201 [main] INFO  org.springframework.cloud.gateway.route.RouteDefinitionRouteLocator - Loaded RoutePredicateFactory [Cookie]
2025-09-29 17:05:17.201 [main] INFO  org.springframework.cloud.gateway.route.RouteDefinitionRouteLocator - Loaded RoutePredicateFactory [Header]
2025-09-29 17:05:17.201 [main] INFO  org.springframework.cloud.gateway.route.RouteDefinitionRouteLocator - Loaded RoutePredicateFactory [Host]
2025-09-29 17:05:17.201 [main] INFO  org.springframework.cloud.gateway.route.RouteDefinitionRouteLocator - Loaded RoutePredicateFactory [Method]
2025-09-29 17:05:17.201 [main] INFO  org.springframework.cloud.gateway.route.RouteDefinitionRouteLocator - Loaded RoutePredicateFactory [Path]
2025-09-29 17:05:17.201 [main] INFO  org.springframework.cloud.gateway.route.RouteDefinitionRouteLocator - Loaded RoutePredicateFactory [Query]
2025-09-29 17:05:17.201 [main] INFO  org.springframework.cloud.gateway.route.RouteDefinitionRouteLocator - Loaded RoutePredicateFactory [ReadBody]
2025-09-29 17:05:17.201 [main] INFO  org.springframework.cloud.gateway.route.RouteDefinitionRouteLocator - Loaded RoutePredicateFactory [RemoteAddr]
2025-09-29 17:05:17.201 [main] INFO  org.springframework.cloud.gateway.route.RouteDefinitionRouteLocator - Loaded RoutePredicateFactory [XForwardedRemoteAddr]
2025-09-29 17:05:17.201 [main] INFO  org.springframework.cloud.gateway.route.RouteDefinitionRouteLocator - Loaded RoutePredicateFactory [Weight]
2025-09-29 17:05:17.201 [main] INFO  org.springframework.cloud.gateway.route.RouteDefinitionRouteLocator - Loaded RoutePredicateFactory [CloudFoundryRouteService]
2025-09-29 17:05:17.218 [main] DEBUG org.springframework.cloud.gateway.route.RouteDefinitionRouteLocator - RouteDefinition auth-service applying {_genkey_0=/service/auth/**} to Path
2025-09-29 17:05:17.228 [main] DEBUG org.springframework.cloud.gateway.route.RouteDefinitionRouteLocator - RouteDefinition auth-service applying filter {_genkey_0=0} to StripPrefix
2025-09-29 17:05:17.229 [main] DEBUG org.springframework.cloud.gateway.route.RouteDefinitionRouteLocator - RouteDefinition auth-service applying filter {_genkey_0=X-Gateway-Source, _genkey_1=service-gateway} to AddRequestHeader
2025-09-29 17:05:17.233 [main] DEBUG org.springframework.cloud.gateway.route.RouteDefinitionRouteLocator - RouteDefinition auth-service applying filter {_genkey_0=X-Service-Name, _genkey_1=service-auth} to AddRequestHeader
2025-09-29 17:05:17.234 [main] DEBUG org.springframework.cloud.gateway.route.RouteDefinitionRouteLocator - RouteDefinition matched: auth-service
2025-09-29 17:05:17.234 [main] DEBUG org.springframework.cloud.gateway.route.RouteDefinitionRouteLocator - RouteDefinition user-service applying {_genkey_0=/service/user/**} to Path
2025-09-29 17:05:17.234 [main] DEBUG org.springframework.cloud.gateway.route.RouteDefinitionRouteLocator - RouteDefinition user-service applying filter {_genkey_0=0} to StripPrefix
2025-09-29 17:05:17.234 [main] DEBUG org.springframework.cloud.gateway.route.RouteDefinitionRouteLocator - RouteDefinition user-service applying filter {_genkey_0=X-Gateway-Source, _genkey_1=service-gateway} to AddRequestHeader
2025-09-29 17:05:17.235 [main] DEBUG org.springframework.cloud.gateway.route.RouteDefinitionRouteLocator - RouteDefinition user-service applying filter {_genkey_0=X-Service-Name, _genkey_1=service-user} to AddRequestHeader
2025-09-29 17:05:17.235 [main] DEBUG org.springframework.cloud.gateway.route.RouteDefinitionRouteLocator - RouteDefinition matched: user-service
2025-09-29 17:05:17.235 [main] DEBUG org.springframework.cloud.gateway.route.RouteDefinitionRouteLocator - RouteDefinition publisher-service applying {_genkey_0=/core/publisher/**} to Path
2025-09-29 17:05:17.235 [main] DEBUG org.springframework.cloud.gateway.route.RouteDefinitionRouteLocator - RouteDefinition publisher-service applying filter {_genkey_0=0} to StripPrefix
2025-09-29 17:05:17.235 [main] DEBUG org.springframework.cloud.gateway.route.RouteDefinitionRouteLocator - RouteDefinition publisher-service applying filter {_genkey_0=X-Gateway-Source, _genkey_1=service-gateway} to AddRequestHeader
2025-09-29 17:05:17.236 [main] DEBUG org.springframework.cloud.gateway.route.RouteDefinitionRouteLocator - RouteDefinition publisher-service applying filter {_genkey_0=X-Service-Name, _genkey_1=core-publisher} to AddRequestHeader
2025-09-29 17:05:17.236 [main] DEBUG org.springframework.cloud.gateway.route.RouteDefinitionRouteLocator - RouteDefinition matched: publisher-service
2025-09-29 17:05:17.236 [main] DEBUG org.springframework.cloud.gateway.route.RouteDefinitionRouteLocator - RouteDefinition oss-service applying {_genkey_0=/tp/oss/**} to Path
2025-09-29 17:05:17.236 [main] DEBUG org.springframework.cloud.gateway.route.RouteDefinitionRouteLocator - RouteDefinition oss-service applying filter {_genkey_0=0} to StripPrefix
2025-09-29 17:05:17.236 [main] DEBUG org.springframework.cloud.gateway.route.RouteDefinitionRouteLocator - RouteDefinition oss-service applying filter {_genkey_0=X-Gateway-Source, _genkey_1=service-gateway} to AddRequestHeader
2025-09-29 17:05:17.236 [main] DEBUG org.springframework.cloud.gateway.route.RouteDefinitionRouteLocator - RouteDefinition oss-service applying filter {_genkey_0=X-Service-Name, _genkey_1=third-party-aliyunOss} to AddRequestHeader
2025-09-29 17:05:17.237 [main] DEBUG org.springframework.cloud.gateway.route.RouteDefinitionRouteLocator - RouteDefinition matched: oss-service
2025-09-29 17:05:17.238 [main] DEBUG org.springframework.cloud.gateway.filter.GatewayMetricsFilter - New routes count: 4
2025-09-29 17:05:17.248 [main] DEBUG org.springframework.cloud.gateway.route.RouteDefinitionRouteLocator - RouteDefinition auth-service applying {_genkey_0=/service/auth/**} to Path
2025-09-29 17:05:17.249 [main] DEBUG org.springframework.cloud.gateway.route.RouteDefinitionRouteLocator - RouteDefinition auth-service applying filter {_genkey_0=0} to StripPrefix
2025-09-29 17:05:17.249 [main] DEBUG org.springframework.cloud.gateway.route.RouteDefinitionRouteLocator - RouteDefinition auth-service applying filter {_genkey_0=X-Gateway-Source, _genkey_1=service-gateway} to AddRequestHeader
2025-09-29 17:05:17.250 [main] DEBUG org.springframework.cloud.gateway.route.RouteDefinitionRouteLocator - RouteDefinition auth-service applying filter {_genkey_0=X-Service-Name, _genkey_1=service-auth} to AddRequestHeader
2025-09-29 17:05:17.250 [main] DEBUG org.springframework.cloud.gateway.route.RouteDefinitionRouteLocator - RouteDefinition matched: auth-service
2025-09-29 17:05:17.250 [main] DEBUG org.springframework.cloud.gateway.route.RouteDefinitionRouteLocator - RouteDefinition user-service applying {_genkey_0=/service/user/**} to Path
2025-09-29 17:05:17.250 [main] DEBUG org.springframework.cloud.gateway.route.RouteDefinitionRouteLocator - RouteDefinition user-service applying filter {_genkey_0=0} to StripPrefix
2025-09-29 17:05:17.250 [main] DEBUG org.springframework.cloud.gateway.route.RouteDefinitionRouteLocator - RouteDefinition user-service applying filter {_genkey_0=X-Gateway-Source, _genkey_1=service-gateway} to AddRequestHeader
2025-09-29 17:05:17.251 [main] DEBUG org.springframework.cloud.gateway.route.RouteDefinitionRouteLocator - RouteDefinition user-service applying filter {_genkey_0=X-Service-Name, _genkey_1=service-user} to AddRequestHeader
2025-09-29 17:05:17.251 [main] DEBUG org.springframework.cloud.gateway.route.RouteDefinitionRouteLocator - RouteDefinition matched: user-service
2025-09-29 17:05:17.251 [main] DEBUG org.springframework.cloud.gateway.route.RouteDefinitionRouteLocator - RouteDefinition publisher-service applying {_genkey_0=/core/publisher/**} to Path
2025-09-29 17:05:17.251 [main] DEBUG org.springframework.cloud.gateway.route.RouteDefinitionRouteLocator - RouteDefinition publisher-service applying filter {_genkey_0=0} to StripPrefix
2025-09-29 17:05:17.251 [main] DEBUG org.springframework.cloud.gateway.route.RouteDefinitionRouteLocator - RouteDefinition publisher-service applying filter {_genkey_0=X-Gateway-Source, _genkey_1=service-gateway} to AddRequestHeader
2025-09-29 17:05:17.251 [main] DEBUG org.springframework.cloud.gateway.route.RouteDefinitionRouteLocator - RouteDefinition publisher-service applying filter {_genkey_0=X-Service-Name, _genkey_1=core-publisher} to AddRequestHeader
2025-09-29 17:05:17.252 [main] DEBUG org.springframework.cloud.gateway.route.RouteDefinitionRouteLocator - RouteDefinition matched: publisher-service
2025-09-29 17:05:17.252 [main] DEBUG org.springframework.cloud.gateway.route.RouteDefinitionRouteLocator - RouteDefinition oss-service applying {_genkey_0=/tp/oss/**} to Path
2025-09-29 17:05:17.252 [main] DEBUG org.springframework.cloud.gateway.route.RouteDefinitionRouteLocator - RouteDefinition oss-service applying filter {_genkey_0=0} to StripPrefix
2025-09-29 17:05:17.252 [main] DEBUG org.springframework.cloud.gateway.route.RouteDefinitionRouteLocator - RouteDefinition oss-service applying filter {_genkey_0=X-Gateway-Source, _genkey_1=service-gateway} to AddRequestHeader
2025-09-29 17:05:17.252 [main] DEBUG org.springframework.cloud.gateway.route.RouteDefinitionRouteLocator - RouteDefinition oss-service applying filter {_genkey_0=X-Service-Name, _genkey_1=third-party-aliyunOss} to AddRequestHeader
2025-09-29 17:05:17.252 [main] DEBUG org.springframework.cloud.gateway.route.RouteDefinitionRouteLocator - RouteDefinition matched: oss-service
2025-09-29 17:05:17.253 [main] DEBUG org.springframework.cloud.gateway.filter.GatewayMetricsFilter - New routes count: 4
2025-09-29 17:05:17.269 [main] DEBUG org.springframework.web.reactive.handler.SimpleUrlHandlerMapping - Patterns [/webjars/**, /**] in 'resourceHandlerMapping'
2025-09-29 17:05:17.302 [main] INFO  org.springframework.boot.actuate.endpoint.web.EndpointLinksResolver - Exposing 3 endpoint(s) beneath base path '/actuator'
2025-09-29 17:05:17.312 [main] INFO  com.origin.gateway.GatewayApplication - Started GatewayApplication in 2.637 seconds (process running for 3.09)
2025-09-29 17:05:17.322 [main] INFO  com.alibaba.cloud.nacos.refresh.NacosContextRefresher - [Nacos Config] Listening config: dataId=service-gateway.yaml, group=DEFAULT_GROUP
2025-09-29 17:05:17.576 [RMI TCP Connection(4)-10.20.0.67] DEBUG org.springframework.web.reactive.result.method.annotation.ControllerMethodResolver - ControllerAdvice beans: 0 @ModelAttribute, 0 @InitBinder, 1 @ExceptionHandler
2025-09-29 17:05:36.751 [Thread-4] WARN  com.alibaba.nacos.common.notify.NotifyCenter - [NotifyCenter] Start destroying Publisher
2025-09-29 17:05:36.751 [Thread-4] WARN  com.alibaba.nacos.common.notify.NotifyCenter - [NotifyCenter] Destruction of the end
2025-09-29 17:05:36.751 [Thread-2] WARN  com.alibaba.nacos.common.http.HttpClientBeanHolder - [HttpClientBeanHolder] Start destroying common HttpClient
2025-09-29 17:05:36.752 [Thread-2] WARN  com.alibaba.nacos.common.http.HttpClientBeanHolder - [HttpClientBeanHolder] Destruction of the end
2025-09-29 17:05:36.757 [SpringApplicationShutdownHook] INFO  com.alibaba.cloud.nacos.registry.NacosServiceRegistry - De-registering from Nacos Server now...
2025-09-29 17:05:36.793 [SpringApplicationShutdownHook] INFO  com.alibaba.cloud.nacos.registry.NacosServiceRegistry - De-registration finished.
2025-09-29 17:05:43.960 [background-preinit] INFO  org.hibernate.validator.internal.util.Version - HV000001: Hibernate Validator 8.0.1.Final
2025-09-29 17:05:43.994 [main] INFO  com.origin.gateway.GatewayApplication - Starting GatewayApplication using Java 21.0.8 with PID 17973 (/Volumes/project/github/scccy-scaffolding/service/service-gateway/target/classes started by shici in /Volumes/project/github/scccy-scaffolding)
2025-09-29 17:05:43.995 [main] DEBUG com.origin.gateway.GatewayApplication - Running with Spring Boot v3.2.5, Spring v6.1.6
2025-09-29 17:05:43.995 [main] INFO  com.origin.gateway.GatewayApplication - No active profile set, falling back to 1 default profile: "default"
2025-09-29 17:05:44.006 [main] INFO  com.alibaba.cloud.nacos.configdata.NacosConfigDataLoader - [Nacos Config] Load config[dataId=service-gateway.yaml, group=DEFAULT_GROUP] success
2025-09-29 17:05:44.376 [main] INFO  org.springframework.cloud.context.scope.GenericScope - BeanFactory id=5956ddce-242d-3cff-ae19-ab5541499350
2025-09-29 17:05:44.462 [main] WARN  org.springframework.context.support.PostProcessorRegistrationDelegate$BeanPostProcessorChecker - Bean 'org.springframework.cloud.client.loadbalancer.LoadBalancerAutoConfiguration$LoadBalancerInterceptorConfig' of type [org.springframework.cloud.client.loadbalancer.LoadBalancerAutoConfiguration$LoadBalancerInterceptorConfig] is not eligible for getting processed by all BeanPostProcessors (for example: not eligible for auto-proxying). The currently created BeanPostProcessor [lbRestClientPostProcessor] is declared through a non-static factory method on that class; consider declaring it as static instead.
2025-09-29 17:05:44.463 [main] WARN  org.springframework.context.support.PostProcessorRegistrationDelegate$BeanPostProcessorChecker - Bean 'org.springframework.cloud.loadbalancer.config.BlockingLoadBalancerClientAutoConfiguration' of type [org.springframework.cloud.loadbalancer.config.BlockingLoadBalancerClientAutoConfiguration] is not eligible for getting processed by all BeanPostProcessors (for example: not eligible for auto-proxying). Is this bean getting eagerly injected into a currently created BeanPostProcessor [lbRestClientPostProcessor]? Check the corresponding BeanPostProcessor declaration and its dependencies.
2025-09-29 17:05:44.464 [main] WARN  org.springframework.context.support.PostProcessorRegistrationDelegate$BeanPostProcessorChecker - Bean 'org.springframework.cloud.loadbalancer.config.LoadBalancerAutoConfiguration' of type [org.springframework.cloud.loadbalancer.config.LoadBalancerAutoConfiguration] is not eligible for getting processed by all BeanPostProcessors (for example: not eligible for auto-proxying). Is this bean getting eagerly injected into a currently created BeanPostProcessor [lbRestClientPostProcessor]? Check the corresponding BeanPostProcessor declaration and its dependencies.
2025-09-29 17:05:44.467 [main] WARN  org.springframework.context.support.PostProcessorRegistrationDelegate$BeanPostProcessorChecker - Bean 'org.springframework.cloud.commons.config.CommonsConfigAutoConfiguration' of type [org.springframework.cloud.commons.config.CommonsConfigAutoConfiguration] is not eligible for getting processed by all BeanPostProcessors (for example: not eligible for auto-proxying). Is this bean getting eagerly injected into a currently created BeanPostProcessor [lbRestClientPostProcessor]? Check the corresponding BeanPostProcessor declaration and its dependencies.
2025-09-29 17:05:44.468 [main] WARN  org.springframework.context.support.PostProcessorRegistrationDelegate$BeanPostProcessorChecker - Bean 'org.springframework.cloud.client.loadbalancer.LoadBalancerDefaultMappingsProviderAutoConfiguration' of type [org.springframework.cloud.client.loadbalancer.LoadBalancerDefaultMappingsProviderAutoConfiguration] is not eligible for getting processed by all BeanPostProcessors (for example: not eligible for auto-proxying). Is this bean getting eagerly injected into a currently created BeanPostProcessor [lbRestClientPostProcessor]? Check the corresponding BeanPostProcessor declaration and its dependencies.
2025-09-29 17:05:44.468 [main] WARN  org.springframework.context.support.PostProcessorRegistrationDelegate$BeanPostProcessorChecker - Bean 'loadBalancerClientsDefaultsMappingsProvider' of type [org.springframework.cloud.client.loadbalancer.LoadBalancerDefaultMappingsProviderAutoConfiguration$$Lambda/0x00000070016edcd8] is not eligible for getting processed by all BeanPostProcessors (for example: not eligible for auto-proxying). Is this bean getting eagerly injected into a currently created BeanPostProcessor [lbRestClientPostProcessor]? Check the corresponding BeanPostProcessor declaration and its dependencies.
2025-09-29 17:05:44.469 [main] WARN  org.springframework.context.support.PostProcessorRegistrationDelegate$BeanPostProcessorChecker - Bean 'defaultsBindHandlerAdvisor' of type [org.springframework.cloud.commons.config.DefaultsBindHandlerAdvisor] is not eligible for getting processed by all BeanPostProcessors (for example: not eligible for auto-proxying). Is this bean getting eagerly injected into a currently created BeanPostProcessor [lbRestClientPostProcessor]? Check the corresponding BeanPostProcessor declaration and its dependencies.
2025-09-29 17:05:44.472 [main] WARN  org.springframework.context.support.PostProcessorRegistrationDelegate$BeanPostProcessorChecker - Bean 'spring.cloud.loadbalancer-org.springframework.cloud.client.loadbalancer.LoadBalancerClientsProperties' of type [org.springframework.cloud.client.loadbalancer.LoadBalancerClientsProperties] is not eligible for getting processed by all BeanPostProcessors (for example: not eligible for auto-proxying). Is this bean getting eagerly injected into a currently created BeanPostProcessor [lbRestClientPostProcessor]? Check the corresponding BeanPostProcessor declaration and its dependencies.
2025-09-29 17:05:44.474 [main] WARN  org.springframework.context.support.PostProcessorRegistrationDelegate$BeanPostProcessorChecker - Bean 'default.org.springframework.cloud.loadbalancer.config.LoadBalancerAutoConfiguration.LoadBalancerClientSpecification' of type [org.springframework.cloud.loadbalancer.annotation.LoadBalancerClientSpecification] is not eligible for getting processed by all BeanPostProcessors (for example: not eligible for auto-proxying). Is this bean getting eagerly injected into a currently created BeanPostProcessor [lbRestClientPostProcessor]? Check the corresponding BeanPostProcessor declaration and its dependencies.
2025-09-29 17:05:44.475 [main] WARN  org.springframework.context.support.PostProcessorRegistrationDelegate$BeanPostProcessorChecker - Bean 'default.org.springframework.cloud.loadbalancer.config.BlockingLoadBalancerClientAutoConfiguration.LoadBalancerClientSpecification' of type [org.springframework.cloud.loadbalancer.annotation.LoadBalancerClientSpecification] is not eligible for getting processed by all BeanPostProcessors (for example: not eligible for auto-proxying). Is this bean getting eagerly injected into a currently created BeanPostProcessor [lbRestClientPostProcessor]? Check the corresponding BeanPostProcessor declaration and its dependencies.
2025-09-29 17:05:44.475 [main] WARN  org.springframework.context.support.PostProcessorRegistrationDelegate$BeanPostProcessorChecker - Bean 'loadBalancerClientFactory' of type [org.springframework.cloud.loadbalancer.support.LoadBalancerClientFactory] is not eligible for getting processed by all BeanPostProcessors (for example: not eligible for auto-proxying). Is this bean getting eagerly injected into a currently created BeanPostProcessor [lbRestClientPostProcessor]? Check the corresponding BeanPostProcessor declaration and its dependencies.
2025-09-29 17:05:44.477 [main] WARN  org.springframework.context.support.PostProcessorRegistrationDelegate$BeanPostProcessorChecker - Bean 'blockingLoadBalancerClient' of type [org.springframework.cloud.loadbalancer.blocking.client.BlockingLoadBalancerClient] is not eligible for getting processed by all BeanPostProcessors (for example: not eligible for auto-proxying). Is this bean getting eagerly injected into a currently created BeanPostProcessor [lbRestClientPostProcessor]? Check the corresponding BeanPostProcessor declaration and its dependencies.
2025-09-29 17:05:44.480 [main] WARN  org.springframework.context.support.PostProcessorRegistrationDelegate$BeanPostProcessorChecker - Bean 'loadBalancerServiceInstanceCookieTransformer' of type [org.springframework.cloud.loadbalancer.core.LoadBalancerServiceInstanceCookieTransformer] is not eligible for getting processed by all BeanPostProcessors (for example: not eligible for auto-proxying). Is this bean getting eagerly injected into a currently created BeanPostProcessor [lbRestClientPostProcessor]? Check the corresponding BeanPostProcessor declaration and its dependencies.
2025-09-29 17:05:44.480 [main] WARN  org.springframework.context.support.PostProcessorRegistrationDelegate$BeanPostProcessorChecker - Bean 'xForwarderHeadersTransformer' of type [org.springframework.cloud.loadbalancer.blocking.XForwardedHeadersTransformer] is not eligible for getting processed by all BeanPostProcessors (for example: not eligible for auto-proxying). Is this bean getting eagerly injected into a currently created BeanPostProcessor [lbRestClientPostProcessor]? Check the corresponding BeanPostProcessor declaration and its dependencies.
2025-09-29 17:05:44.480 [main] WARN  org.springframework.context.support.PostProcessorRegistrationDelegate$BeanPostProcessorChecker - Bean 'org.springframework.cloud.client.loadbalancer.LoadBalancerAutoConfiguration' of type [org.springframework.cloud.client.loadbalancer.LoadBalancerAutoConfiguration] is not eligible for getting processed by all BeanPostProcessors (for example: not eligible for auto-proxying). Is this bean getting eagerly injected into a currently created BeanPostProcessor [lbRestClientPostProcessor]? Check the corresponding BeanPostProcessor declaration and its dependencies.
2025-09-29 17:05:44.481 [main] WARN  org.springframework.context.support.PostProcessorRegistrationDelegate$BeanPostProcessorChecker - Bean 'loadBalancerRequestFactory' of type [org.springframework.cloud.client.loadbalancer.LoadBalancerRequestFactory] is not eligible for getting processed by all BeanPostProcessors (for example: not eligible for auto-proxying). Is this bean getting eagerly injected into a currently created BeanPostProcessor [lbRestClientPostProcessor]? Check the corresponding BeanPostProcessor declaration and its dependencies.
2025-09-29 17:05:44.482 [main] WARN  org.springframework.context.support.PostProcessorRegistrationDelegate$BeanPostProcessorChecker - Bean 'loadBalancerInterceptor' of type [org.springframework.cloud.client.loadbalancer.LoadBalancerInterceptor] is not eligible for getting processed by all BeanPostProcessors (for example: not eligible for auto-proxying). Is this bean getting eagerly injected into a currently created BeanPostProcessor [lbRestClientPostProcessor]? Check the corresponding BeanPostProcessor declaration and its dependencies.
2025-09-29 17:05:44.483 [main] WARN  org.springframework.context.support.PostProcessorRegistrationDelegate$BeanPostProcessorChecker - Bean 'org.springframework.cloud.client.loadbalancer.reactive.LoadBalancerBeanPostProcessorAutoConfiguration' of type [org.springframework.cloud.client.loadbalancer.reactive.LoadBalancerBeanPostProcessorAutoConfiguration] is not eligible for getting processed by all BeanPostProcessors (for example: not eligible for auto-proxying). The currently created BeanPostProcessor [loadBalancerWebClientBuilderBeanPostProcessor] is declared through a non-static factory method on that class; consider declaring it as static instead.
2025-09-29 17:05:44.483 [main] WARN  org.springframework.context.support.PostProcessorRegistrationDelegate$BeanPostProcessorChecker - Bean 'org.springframework.cloud.client.loadbalancer.reactive.LoadBalancerBeanPostProcessorAutoConfiguration$ReactorDeferringLoadBalancerFilterConfig' of type [org.springframework.cloud.client.loadbalancer.reactive.LoadBalancerBeanPostProcessorAutoConfiguration$ReactorDeferringLoadBalancerFilterConfig] is not eligible for getting processed by all BeanPostProcessors (for example: not eligible for auto-proxying). Is this bean getting eagerly injected into a currently created BeanPostProcessor [loadBalancerWebClientBuilderBeanPostProcessor]? Check the corresponding BeanPostProcessor declaration and its dependencies.
2025-09-29 17:05:44.484 [main] WARN  org.springframework.context.support.PostProcessorRegistrationDelegate$BeanPostProcessorChecker - Bean 'reactorDeferringLoadBalancerExchangeFilterFunction' of type [org.springframework.cloud.client.loadbalancer.reactive.DeferringLoadBalancerExchangeFilterFunction] is not eligible for getting processed by all BeanPostProcessors (for example: not eligible for auto-proxying). Is this bean getting eagerly injected into a currently created BeanPostProcessor [loadBalancerWebClientBuilderBeanPostProcessor]? Check the corresponding BeanPostProcessor declaration and its dependencies.
2025-09-29 17:05:44.553 [main] INFO  org.springframework.boot.web.embedded.tomcat.TomcatWebServer - Tomcat initialized with port 8080 (http)
2025-09-29 17:05:44.558 [main] INFO  org.apache.coyote.http11.Http11NioProtocol - Initializing ProtocolHandler ["http-nio-8080"]
2025-09-29 17:05:44.558 [main] INFO  org.apache.catalina.core.StandardService - Starting service [Tomcat]
2025-09-29 17:05:44.558 [main] INFO  org.apache.catalina.core.StandardEngine - Starting Servlet engine: [Apache Tomcat/10.1.20]
2025-09-29 17:05:44.867 [main] INFO  org.apache.coyote.http11.Http11NioProtocol - Starting ProtocolHandler ["http-nio-8080"]
2025-09-29 17:05:44.872 [main] INFO  org.springframework.boot.web.embedded.tomcat.TomcatWebServer - Tomcat started on port 8080 (http) with context path ''
2025-09-29 17:05:44.887 [main] INFO  com.alibaba.nacos.plugin.auth.spi.client.ClientAuthPluginManager - [ClientAuthPluginManager] Load ClientAuthService com.alibaba.nacos.client.auth.impl.NacosClientAuthServiceImpl success.
2025-09-29 17:05:44.887 [main] INFO  com.alibaba.nacos.plugin.auth.spi.client.ClientAuthPluginManager - [ClientAuthPluginManager] Load ClientAuthService com.alibaba.nacos.client.auth.ram.RamClientAuthServiceImpl success.
2025-09-29 17:05:45.183 [main] INFO  com.alibaba.cloud.nacos.registry.NacosServiceRegistry - nacos registry, DEFAULT_GROUP service-gateway 10.20.0.67:8080 register finished
2025-09-29 17:05:45.296 [main] DEBUG org.springframework.cloud.gateway.config.GatewayProperties - Routes supplied from Gateway Properties: [RouteDefinition{id='auth-service', predicates=[PredicateDefinition{name='Path', args={_genkey_0=/service/auth/**}}], filters=[FilterDefinition{name='StripPrefix', args={_genkey_0=0}}, FilterDefinition{name='AddRequestHeader', args={_genkey_0=X-Gateway-Source, _genkey_1=service-gateway}}, FilterDefinition{name='AddRequestHeader', args={_genkey_0=X-Service-Name, _genkey_1=service-auth}}], uri=lb://service-auth, order=0, metadata={}}, RouteDefinition{id='user-service', predicates=[PredicateDefinition{name='Path', args={_genkey_0=/service/user/**}}], filters=[FilterDefinition{name='StripPrefix', args={_genkey_0=0}}, FilterDefinition{name='AddRequestHeader', args={_genkey_0=X-Gateway-Source, _genkey_1=service-gateway}}, FilterDefinition{name='AddRequestHeader', args={_genkey_0=X-Service-Name, _genkey_1=service-user}}], uri=lb://service-user, order=0, metadata={}}, RouteDefinition{id='publisher-service', predicates=[PredicateDefinition{name='Path', args={_genkey_0=/core/publisher/**}}], filters=[FilterDefinition{name='StripPrefix', args={_genkey_0=0}}, FilterDefinition{name='AddRequestHeader', args={_genkey_0=X-Gateway-Source, _genkey_1=service-gateway}}, FilterDefinition{name='AddRequestHeader', args={_genkey_0=X-Service-Name, _genkey_1=core-publisher}}], uri=lb://core-publisher, order=0, metadata={}}, RouteDefinition{id='oss-service', predicates=[PredicateDefinition{name='Path', args={_genkey_0=/tp/oss/**}}], filters=[FilterDefinition{name='StripPrefix', args={_genkey_0=0}}, FilterDefinition{name='AddRequestHeader', args={_genkey_0=X-Gateway-Source, _genkey_1=service-gateway}}, FilterDefinition{name='AddRequestHeader', args={_genkey_0=X-Service-Name, _genkey_1=third-party-aliyunOss}}], uri=lb://third-party-aliyunOss, order=0, metadata={}}]
2025-09-29 17:05:45.378 [main] INFO  org.springframework.cloud.gateway.route.RouteDefinitionRouteLocator - Loaded RoutePredicateFactory [After]
2025-09-29 17:05:45.378 [main] INFO  org.springframework.cloud.gateway.route.RouteDefinitionRouteLocator - Loaded RoutePredicateFactory [Before]
2025-09-29 17:05:45.378 [main] INFO  org.springframework.cloud.gateway.route.RouteDefinitionRouteLocator - Loaded RoutePredicateFactory [Between]
2025-09-29 17:05:45.378 [main] INFO  org.springframework.cloud.gateway.route.RouteDefinitionRouteLocator - Loaded RoutePredicateFactory [Cookie]
2025-09-29 17:05:45.378 [main] INFO  org.springframework.cloud.gateway.route.RouteDefinitionRouteLocator - Loaded RoutePredicateFactory [Header]
2025-09-29 17:05:45.378 [main] INFO  org.springframework.cloud.gateway.route.RouteDefinitionRouteLocator - Loaded RoutePredicateFactory [Host]
2025-09-29 17:05:45.378 [main] INFO  org.springframework.cloud.gateway.route.RouteDefinitionRouteLocator - Loaded RoutePredicateFactory [Method]
2025-09-29 17:05:45.378 [main] INFO  org.springframework.cloud.gateway.route.RouteDefinitionRouteLocator - Loaded RoutePredicateFactory [Path]
2025-09-29 17:05:45.378 [main] INFO  org.springframework.cloud.gateway.route.RouteDefinitionRouteLocator - Loaded RoutePredicateFactory [Query]
2025-09-29 17:05:45.378 [main] INFO  org.springframework.cloud.gateway.route.RouteDefinitionRouteLocator - Loaded RoutePredicateFactory [ReadBody]
2025-09-29 17:05:45.378 [main] INFO  org.springframework.cloud.gateway.route.RouteDefinitionRouteLocator - Loaded RoutePredicateFactory [RemoteAddr]
2025-09-29 17:05:45.378 [main] INFO  org.springframework.cloud.gateway.route.RouteDefinitionRouteLocator - Loaded RoutePredicateFactory [XForwardedRemoteAddr]
2025-09-29 17:05:45.378 [main] INFO  org.springframework.cloud.gateway.route.RouteDefinitionRouteLocator - Loaded RoutePredicateFactory [Weight]
2025-09-29 17:05:45.378 [main] INFO  org.springframework.cloud.gateway.route.RouteDefinitionRouteLocator - Loaded RoutePredicateFactory [CloudFoundryRouteService]
2025-09-29 17:05:45.391 [main] DEBUG org.springframework.cloud.gateway.route.RouteDefinitionRouteLocator - RouteDefinition auth-service applying {_genkey_0=/service/auth/**} to Path
2025-09-29 17:05:45.400 [main] DEBUG org.springframework.cloud.gateway.route.RouteDefinitionRouteLocator - RouteDefinition auth-service applying filter {_genkey_0=0} to StripPrefix
2025-09-29 17:05:45.401 [main] DEBUG org.springframework.cloud.gateway.route.RouteDefinitionRouteLocator - RouteDefinition auth-service applying filter {_genkey_0=X-Gateway-Source, _genkey_1=service-gateway} to AddRequestHeader
2025-09-29 17:05:45.404 [main] DEBUG org.springframework.cloud.gateway.route.RouteDefinitionRouteLocator - RouteDefinition auth-service applying filter {_genkey_0=X-Service-Name, _genkey_1=service-auth} to AddRequestHeader
2025-09-29 17:05:45.405 [main] DEBUG org.springframework.cloud.gateway.route.RouteDefinitionRouteLocator - RouteDefinition matched: auth-service
2025-09-29 17:05:45.405 [main] DEBUG org.springframework.cloud.gateway.route.RouteDefinitionRouteLocator - RouteDefinition user-service applying {_genkey_0=/service/user/**} to Path
2025-09-29 17:05:45.405 [main] DEBUG org.springframework.cloud.gateway.route.RouteDefinitionRouteLocator - RouteDefinition user-service applying filter {_genkey_0=0} to StripPrefix
2025-09-29 17:05:45.405 [main] DEBUG org.springframework.cloud.gateway.route.RouteDefinitionRouteLocator - RouteDefinition user-service applying filter {_genkey_0=X-Gateway-Source, _genkey_1=service-gateway} to AddRequestHeader
2025-09-29 17:05:45.406 [main] DEBUG org.springframework.cloud.gateway.route.RouteDefinitionRouteLocator - RouteDefinition user-service applying filter {_genkey_0=X-Service-Name, _genkey_1=service-user} to AddRequestHeader
2025-09-29 17:05:45.406 [main] DEBUG org.springframework.cloud.gateway.route.RouteDefinitionRouteLocator - RouteDefinition matched: user-service
2025-09-29 17:05:45.406 [main] DEBUG org.springframework.cloud.gateway.route.RouteDefinitionRouteLocator - RouteDefinition publisher-service applying {_genkey_0=/core/publisher/**} to Path
2025-09-29 17:05:45.406 [main] DEBUG org.springframework.cloud.gateway.route.RouteDefinitionRouteLocator - RouteDefinition publisher-service applying filter {_genkey_0=0} to StripPrefix
2025-09-29 17:05:45.406 [main] DEBUG org.springframework.cloud.gateway.route.RouteDefinitionRouteLocator - RouteDefinition publisher-service applying filter {_genkey_0=X-Gateway-Source, _genkey_1=service-gateway} to AddRequestHeader
2025-09-29 17:05:45.407 [main] DEBUG org.springframework.cloud.gateway.route.RouteDefinitionRouteLocator - RouteDefinition publisher-service applying filter {_genkey_0=X-Service-Name, _genkey_1=core-publisher} to AddRequestHeader
2025-09-29 17:05:45.407 [main] DEBUG org.springframework.cloud.gateway.route.RouteDefinitionRouteLocator - RouteDefinition matched: publisher-service
2025-09-29 17:05:45.407 [main] DEBUG org.springframework.cloud.gateway.route.RouteDefinitionRouteLocator - RouteDefinition oss-service applying {_genkey_0=/tp/oss/**} to Path
2025-09-29 17:05:45.407 [main] DEBUG org.springframework.cloud.gateway.route.RouteDefinitionRouteLocator - RouteDefinition oss-service applying filter {_genkey_0=0} to StripPrefix
2025-09-29 17:05:45.407 [main] DEBUG org.springframework.cloud.gateway.route.RouteDefinitionRouteLocator - RouteDefinition oss-service applying filter {_genkey_0=X-Gateway-Source, _genkey_1=service-gateway} to AddRequestHeader
2025-09-29 17:05:45.407 [main] DEBUG org.springframework.cloud.gateway.route.RouteDefinitionRouteLocator - RouteDefinition oss-service applying filter {_genkey_0=X-Service-Name, _genkey_1=third-party-aliyunOss} to AddRequestHeader
2025-09-29 17:05:45.408 [main] DEBUG org.springframework.cloud.gateway.route.RouteDefinitionRouteLocator - RouteDefinition matched: oss-service
2025-09-29 17:05:45.409 [main] DEBUG org.springframework.cloud.gateway.filter.GatewayMetricsFilter - New routes count: 4
2025-09-29 17:05:45.419 [main] DEBUG org.springframework.cloud.gateway.route.RouteDefinitionRouteLocator - RouteDefinition auth-service applying {_genkey_0=/service/auth/**} to Path
2025-09-29 17:05:45.420 [main] DEBUG org.springframework.cloud.gateway.route.RouteDefinitionRouteLocator - RouteDefinition auth-service applying filter {_genkey_0=0} to StripPrefix
2025-09-29 17:05:45.420 [main] DEBUG org.springframework.cloud.gateway.route.RouteDefinitionRouteLocator - RouteDefinition auth-service applying filter {_genkey_0=X-Gateway-Source, _genkey_1=service-gateway} to AddRequestHeader
2025-09-29 17:05:45.420 [main] DEBUG org.springframework.cloud.gateway.route.RouteDefinitionRouteLocator - RouteDefinition auth-service applying filter {_genkey_0=X-Service-Name, _genkey_1=service-auth} to AddRequestHeader
2025-09-29 17:05:45.420 [main] DEBUG org.springframework.cloud.gateway.route.RouteDefinitionRouteLocator - RouteDefinition matched: auth-service
2025-09-29 17:05:45.420 [main] DEBUG org.springframework.cloud.gateway.route.RouteDefinitionRouteLocator - RouteDefinition user-service applying {_genkey_0=/service/user/**} to Path
2025-09-29 17:05:45.421 [main] DEBUG org.springframework.cloud.gateway.route.RouteDefinitionRouteLocator - RouteDefinition user-service applying filter {_genkey_0=0} to StripPrefix
2025-09-29 17:05:45.421 [main] DEBUG org.springframework.cloud.gateway.route.RouteDefinitionRouteLocator - RouteDefinition user-service applying filter {_genkey_0=X-Gateway-Source, _genkey_1=service-gateway} to AddRequestHeader
2025-09-29 17:05:45.421 [main] DEBUG org.springframework.cloud.gateway.route.RouteDefinitionRouteLocator - RouteDefinition user-service applying filter {_genkey_0=X-Service-Name, _genkey_1=service-user} to AddRequestHeader
2025-09-29 17:05:45.421 [main] DEBUG org.springframework.cloud.gateway.route.RouteDefinitionRouteLocator - RouteDefinition matched: user-service
2025-09-29 17:05:45.421 [main] DEBUG org.springframework.cloud.gateway.route.RouteDefinitionRouteLocator - RouteDefinition publisher-service applying {_genkey_0=/core/publisher/**} to Path
2025-09-29 17:05:45.421 [main] DEBUG org.springframework.cloud.gateway.route.RouteDefinitionRouteLocator - RouteDefinition publisher-service applying filter {_genkey_0=0} to StripPrefix
2025-09-29 17:05:45.422 [main] DEBUG org.springframework.cloud.gateway.route.RouteDefinitionRouteLocator - RouteDefinition publisher-service applying filter {_genkey_0=X-Gateway-Source, _genkey_1=service-gateway} to AddRequestHeader
2025-09-29 17:05:45.422 [main] DEBUG org.springframework.cloud.gateway.route.RouteDefinitionRouteLocator - RouteDefinition publisher-service applying filter {_genkey_0=X-Service-Name, _genkey_1=core-publisher} to AddRequestHeader
2025-09-29 17:05:45.422 [main] DEBUG org.springframework.cloud.gateway.route.RouteDefinitionRouteLocator - RouteDefinition matched: publisher-service
2025-09-29 17:05:45.422 [main] DEBUG org.springframework.cloud.gateway.route.RouteDefinitionRouteLocator - RouteDefinition oss-service applying {_genkey_0=/tp/oss/**} to Path
2025-09-29 17:05:45.422 [main] DEBUG org.springframework.cloud.gateway.route.RouteDefinitionRouteLocator - RouteDefinition oss-service applying filter {_genkey_0=0} to StripPrefix
2025-09-29 17:05:45.422 [main] DEBUG org.springframework.cloud.gateway.route.RouteDefinitionRouteLocator - RouteDefinition oss-service applying filter {_genkey_0=X-Gateway-Source, _genkey_1=service-gateway} to AddRequestHeader
2025-09-29 17:05:45.422 [main] DEBUG org.springframework.cloud.gateway.route.RouteDefinitionRouteLocator - RouteDefinition oss-service applying filter {_genkey_0=X-Service-Name, _genkey_1=third-party-aliyunOss} to AddRequestHeader
2025-09-29 17:05:45.423 [main] DEBUG org.springframework.cloud.gateway.route.RouteDefinitionRouteLocator - RouteDefinition matched: oss-service
2025-09-29 17:05:45.423 [main] DEBUG org.springframework.cloud.gateway.filter.GatewayMetricsFilter - New routes count: 4
2025-09-29 17:05:45.437 [main] DEBUG org.springframework.web.reactive.handler.SimpleUrlHandlerMapping - Patterns [/webjars/**, /**] in 'resourceHandlerMapping'
2025-09-29 17:05:45.472 [main] INFO  org.springframework.boot.actuate.endpoint.web.EndpointLinksResolver - Exposing 3 endpoint(s) beneath base path '/actuator'
2025-09-29 17:05:45.483 [main] INFO  com.origin.gateway.GatewayApplication - Started GatewayApplication in 2.317 seconds (process running for 2.673)
2025-09-29 17:05:45.493 [main] INFO  com.alibaba.cloud.nacos.refresh.NacosContextRefresher - [Nacos Config] Listening config: dataId=service-gateway.yaml, group=DEFAULT_GROUP
2025-09-29 17:05:46.093 [RMI TCP Connection(4)-10.20.0.67] DEBUG org.springframework.web.reactive.result.method.annotation.ControllerMethodResolver - ControllerAdvice beans: 0 @ModelAttribute, 0 @InitBinder, 1 @ExceptionHandler
2025-09-29 17:05:49.886 [Thread-4] WARN  com.alibaba.nacos.common.notify.NotifyCenter - [NotifyCenter] Start destroying Publisher
2025-09-29 17:05:49.886 [Thread-4] WARN  com.alibaba.nacos.common.notify.NotifyCenter - [NotifyCenter] Destruction of the end
2025-09-29 17:05:49.886 [Thread-2] WARN  com.alibaba.nacos.common.http.HttpClientBeanHolder - [HttpClientBeanHolder] Start destroying common HttpClient
2025-09-29 17:05:49.887 [Thread-2] WARN  com.alibaba.nacos.common.http.HttpClientBeanHolder - [HttpClientBeanHolder] Destruction of the end
2025-09-29 17:05:49.892 [SpringApplicationShutdownHook] INFO  com.alibaba.cloud.nacos.registry.NacosServiceRegistry - De-registering from Nacos Server now...
2025-09-29 17:05:49.930 [SpringApplicationShutdownHook] INFO  com.alibaba.cloud.nacos.registry.NacosServiceRegistry - De-registration finished.
